submitit INFO (2023-04-25 13:35:41,002) - Starting with JobEnvironment(job_id=200940, hostname=is153802, local_rank=0(1), node=0(1), global_rank=0(1))
submitit INFO (2023-04-25 13:35:41,002) - Loading pickle: /mnt/localdrive/workspace-LPP/code/neurospin-petit-prince/decoding/cluster/logs/200940_submitted.pkl

 Epoching for run 1, subject: 2

Opening raw data file /home/is153802/data/LPP_MEG_visual/sub-2/ses-01/meg/sub-2_ses-01_task-read_run-01_meg.fif...
    Read a total of 13 projection items:
        grad_ssp_upright.fif : PCA-v1 (1 x 306)  idle
        grad_ssp_upright.fif : PCA-v2 (1 x 306)  idle
        grad_ssp_upright.fif : PCA-v3 (1 x 306)  idle
        grad_ssp_upright.fif : PCA-v4 (1 x 306)  idle
        grad_ssp_upright.fif : PCA-v5 (1 x 306)  idle
        mag_ssp_upright.fif : PCA-v1 (1 x 306)  idle
        mag_ssp_upright.fif : PCA-v2 (1 x 306)  idle
        mag_ssp_upright.fif : PCA-v3 (1 x 306)  idle
        mag_ssp_upright.fif : PCA-v4 (1 x 306)  idle
        mag_ssp_upright.fif : PCA-v5 (1 x 306)  idle
        mag_ssp_upright.fif : PCA-v6 (1 x 306)  idle
        mag_ssp_upright.fif : PCA-v7 (1 x 306)  idle
        mag_ssp_upright.fif : PCA-v8 (1 x 306)  idle
    Range : 22000 ... 491999 =     22.000 ...   491.999 secs
Ready.
Reading events from /home/is153802/data/LPP_MEG_visual/sub-2/ses-01/meg/sub-2_ses-01_task-read_run-01_events.tsv.
Reading channel info from /home/is153802/data/LPP_MEG_visual/sub-2/ses-01/meg/sub-2_ses-01_task-read_run-01_channels.tsv.
Using 4 HPI coils: 293 307 314 321 Hz
Not fully anonymizing info - keeping his_id, sex, and hand info
Trigger channel has a non-zero initial value of 2048 (consider using initial_event=True to detect this event)
1467 events found
Event IDs: [2049 2050 2051 2052 2053 2054 2055 2056 2057 2058 2059 2060 2061 2062
 2063]
submitit ERROR (2023-04-25 13:40:50,922) - Submitted job triggered an exception
