submitit INFO (2023-04-25 13:35:42,433) - Starting with JobEnvironment(job_id=201084, hostname=is153802, local_rank=0(1), node=0(1), global_rank=0(1))
submitit INFO (2023-04-25 13:35:42,433) - Loading pickle: /mnt/localdrive/workspace-LPP/code/neurospin-petit-prince/decoding/cluster/logs/201084_submitted.pkl

 Epoching for run 1, subject: 4

Opening raw data file /home/is153802/data/LPP_MEG_visual/sub-4/ses-01/meg/sub-4_ses-01_task-read_run-01_meg.fif...
    Read a total of 13 projection items:
        grad_ssp_upright.fif : PCA-v1 (1 x 306)  idle
        grad_ssp_upright.fif : PCA-v2 (1 x 306)  idle
        grad_ssp_upright.fif : PCA-v3 (1 x 306)  idle
        grad_ssp_upright.fif : PCA-v4 (1 x 306)  idle
        grad_ssp_upright.fif : PCA-v5 (1 x 306)  idle
        mag_ssp_upright.fif : PCA-v1 (1 x 306)  idle
        mag_ssp_upright.fif : PCA-v2 (1 x 306)  idle
        mag_ssp_upright.fif : PCA-v3 (1 x 306)  idle
        mag_ssp_upright.fif : PCA-v4 (1 x 306)  idle
        mag_ssp_upright.fif : PCA-v5 (1 x 306)  idle
        mag_ssp_upright.fif : PCA-v6 (1 x 306)  idle
        mag_ssp_upright.fif : PCA-v7 (1 x 306)  idle
        mag_ssp_upright.fif : PCA-v8 (1 x 306)  idle
    Range : 32000 ... 495999 =     32.000 ...   495.999 secs
Ready.
Reading events from /home/is153802/data/LPP_MEG_visual/sub-4/ses-01/meg/sub-4_ses-01_task-read_run-01_events.tsv.
Reading channel info from /home/is153802/data/LPP_MEG_visual/sub-4/ses-01/meg/sub-4_ses-01_task-read_run-01_channels.tsv.
Using 4 HPI coils: 293 307 314 321 Hz
Not fully anonymizing info - keeping his_id, sex, and hand info
1466 events found
Event IDs: [ 1  2  3  4  5  6  7  8  9 10 11 12 13 14 15]
Reading 0 ... 463999  =      0.000 ...   463.999 secs...
Filtering raw data in 1 contiguous segment
Setting up band-pass filter from 0.5 - 20 Hz

FIR filter parameters
---------------------
Designing a one-pass, zero-phase, non-causal bandpass filter:
- Windowed time-domain design (firwin) method
- Hamming window with 0.0194 passband ripple and 53 dB stopband attenuation
- Lower passband edge: 0.50
- Lower transition bandwidth: 0.50 Hz (-6 dB cutoff frequency: 0.25 Hz)
- Upper passband edge: 20.00 Hz
- Upper transition bandwidth: 5.00 Hz (-6 dB cutoff frequency: 22.50 Hz)
- Filter length: 6601 samples (6.601 sec)

Adding metadata with 21 columns
38 matching events found
Setting baseline interval to [-1.0, 0.0] sec
Applying baseline correction (mode: mean)
0 projection items activated
Using data from preloaded Raw for 38 events and 5001 original time points (prior to decimation) ...
1 bad epochs dropped
Adding metadata with 21 columns
392 matching events found
Setting baseline interval to [-0.5, 0.0] sec
Applying baseline correction (mode: mean)
0 projection items activated
Using data from preloaded Raw for 392 events and 2501 original time points (prior to decimation) ...
1 bad epochs dropped
Multiple event values for single event times found. Keeping the first occurrence and dropping all others.
Adding metadata with 21 columns
1405 matching events found
Setting baseline interval to [-0.3, 0.0] sec
Applying baseline correction (mode: mean)
0 projection items activated
Using data from preloaded Raw for 1405 events and 1301 original time points (prior to decimation) ...
1 bad epochs dropped
Multiple event values for single event times found. Keeping the first occurrence and dropping all others.
Adding metadata with 21 columns
19 matching events found
Setting baseline interval to [-4.0, 0.0] sec
Applying baseline correction (mode: mean)
0 projection items activated
Using data from preloaded Raw for 19 events and 5001 original time points (prior to decimation) ...
1 bad epochs dropped
Multiple event values for single event times found. Keeping the first occurrence and dropping all others.
Adding metadata with 21 columns
380 matching events found
Setting baseline interval to [-2.0, 0.0] sec
Applying baseline correction (mode: mean)
0 projection items activated
Using data from preloaded Raw for 380 events and 2501 original time points (prior to decimation) ...
1 bad epochs dropped
Multiple event values for single event times found. Keeping the first occurrence and dropping all others.
Adding metadata with 21 columns
1405 matching events found
Setting baseline interval to [-1.0, 0.0] sec
Applying baseline correction (mode: mean)
0 projection items activated
Using data from preloaded Raw for 1405 events and 1301 original time points (prior to decimation) ...
1 bad epochs dropped

 Epoching for run 2, subject: 4

Opening raw data file /home/is153802/data/LPP_MEG_visual/sub-4/ses-01/meg/sub-4_ses-01_task-read_run-02_meg.fif...
    Read a total of 13 projection items:
        grad_ssp_upright.fif : PCA-v1 (1 x 306)  idle
        grad_ssp_upright.fif : PCA-v2 (1 x 306)  idle
        grad_ssp_upright.fif : PCA-v3 (1 x 306)  idle
        grad_ssp_upright.fif : PCA-v4 (1 x 306)  idle
        grad_ssp_upright.fif : PCA-v5 (1 x 306)  idle
        mag_ssp_upright.fif : PCA-v1 (1 x 306)  idle
        mag_ssp_upright.fif : PCA-v2 (1 x 306)  idle
        mag_ssp_upright.fif : PCA-v3 (1 x 306)  idle
        mag_ssp_upright.fif : PCA-v4 (1 x 306)  idle
        mag_ssp_upright.fif : PCA-v5 (1 x 306)  idle
        mag_ssp_upright.fif : PCA-v6 (1 x 306)  idle
        mag_ssp_upright.fif : PCA-v7 (1 x 306)  idle
        mag_ssp_upright.fif : PCA-v8 (1 x 306)  idle
    Range : 15000 ... 520999 =     15.000 ...   520.999 secs
Ready.
Reading events from /home/is153802/data/LPP_MEG_visual/sub-4/ses-01/meg/sub-4_ses-01_task-read_run-02_events.tsv.
Reading channel info from /home/is153802/data/LPP_MEG_visual/sub-4/ses-01/meg/sub-4_ses-01_task-read_run-02_channels.tsv.
Using 4 HPI coils: 293 307 314 321 Hz
Not fully anonymizing info - keeping his_id, sex, and hand info
1606 events found
Event IDs: [ 1  2  3  4  5  6  7  8  9 10 11 12 13 14 15 16]
Reading 0 ... 505999  =      0.000 ...   505.999 secs...
Filtering raw data in 1 contiguous segment
Setting up band-pass filter from 0.5 - 20 Hz

FIR filter parameters
---------------------
Designing a one-pass, zero-phase, non-causal bandpass filter:
- Windowed time-domain design (firwin) method
- Hamming window with 0.0194 passband ripple and 53 dB stopband attenuation
- Lower passband edge: 0.50
- Lower transition bandwidth: 0.50 Hz (-6 dB cutoff frequency: 0.25 Hz)
- Upper passband edge: 20.00 Hz
- Upper transition bandwidth: 5.00 Hz (-6 dB cutoff frequency: 22.50 Hz)
- Filter length: 6601 samples (6.601 sec)

Multiple event values for single event times found. Keeping the first occurrence and dropping all others.
Adding metadata with 21 columns
35 matching events found
Setting baseline interval to [-1.0, 0.0] sec
Applying baseline correction (mode: mean)
0 projection items activated
Using data from preloaded Raw for 35 events and 5001 original time points (prior to decimation) ...
1 bad epochs dropped
Multiple event values for single event times found. Keeping the first occurrence and dropping all others.
Adding metadata with 21 columns
428 matching events found
Setting baseline interval to [-0.5, 0.0] sec
Applying baseline correction (mode: mean)
0 projection items activated
Using data from preloaded Raw for 428 events and 2501 original time points (prior to decimation) ...
1 bad epochs dropped
Multiple event values for single event times found. Keeping the first occurrence and dropping all others.
Adding metadata with 21 columns
1560 matching events found
Setting baseline interval to [-0.3, 0.0] sec
Applying baseline correction (mode: mean)
0 projection items activated
Using data from preloaded Raw for 1560 events and 1301 original time points (prior to decimation) ...
1 bad epochs dropped
Multiple event values for single event times found. Keeping the first occurrence and dropping all others.
Adding metadata with 21 columns
24 matching events found
Setting baseline interval to [-4.0, 0.0] sec
Applying baseline correction (mode: mean)
0 projection items activated
Using data from preloaded Raw for 24 events and 5001 original time points (prior to decimation) ...
1 bad epochs dropped
Multiple event values for single event times found. Keeping the first occurrence and dropping all others.
Adding metadata with 21 columns
422 matching events found
Setting baseline interval to [-2.0, 0.0] sec
Applying baseline correction (mode: mean)
0 projection items activated
Using data from preloaded Raw for 422 events and 2501 original time points (prior to decimation) ...
1 bad epochs dropped
Multiple event values for single event times found. Keeping the first occurrence and dropping all others.
Adding metadata with 21 columns
1560 matching events found
Setting baseline interval to [-1.0, 0.0] sec
Applying baseline correction (mode: mean)
0 projection items activated
Using data from preloaded Raw for 1560 events and 1301 original time points (prior to decimation) ...
1 bad epochs dropped

 Epoching for run 3, subject: 4

Opening raw data file /home/is153802/data/LPP_MEG_visual/sub-4/ses-01/meg/sub-4_ses-01_task-read_run-03_meg.fif...
    Read a total of 13 projection items:
        grad_ssp_upright.fif : PCA-v1 (1 x 306)  idle
        grad_ssp_upright.fif : PCA-v2 (1 x 306)  idle
        grad_ssp_upright.fif : PCA-v3 (1 x 306)  idle
        grad_ssp_upright.fif : PCA-v4 (1 x 306)  idle
        grad_ssp_upright.fif : PCA-v5 (1 x 306)  idle
        mag_ssp_upright.fif : PCA-v1 (1 x 306)  idle
        mag_ssp_upright.fif : PCA-v2 (1 x 306)  idle
        mag_ssp_upright.fif : PCA-v3 (1 x 306)  idle
        mag_ssp_upright.fif : PCA-v4 (1 x 306)  idle
        mag_ssp_upright.fif : PCA-v5 (1 x 306)  idle
        mag_ssp_upright.fif : PCA-v6 (1 x 306)  idle
        mag_ssp_upright.fif : PCA-v7 (1 x 306)  idle
        mag_ssp_upright.fif : PCA-v8 (1 x 306)  idle
    Range : 13000 ... 568999 =     13.000 ...   568.999 secs
Ready.
Reading events from /home/is153802/data/LPP_MEG_visual/sub-4/ses-01/meg/sub-4_ses-01_task-read_run-03_events.tsv.
Reading channel info from /home/is153802/data/LPP_MEG_visual/sub-4/ses-01/meg/sub-4_ses-01_task-read_run-03_channels.tsv.
Using 4 HPI coils: 293 307 314 321 Hz
Not fully anonymizing info - keeping his_id, sex, and hand info
1718 events found
Event IDs: [ 1  2  3  4  5  6  7  8  9 10 11 12 13 14 15 16 17 18]
Reading 0 ... 555999  =      0.000 ...   555.999 secs...
Filtering raw data in 1 contiguous segment
Setting up band-pass filter from 0.5 - 20 Hz

FIR filter parameters
---------------------
Designing a one-pass, zero-phase, non-causal bandpass filter:
- Windowed time-domain design (firwin) method
- Hamming window with 0.0194 passband ripple and 53 dB stopband attenuation
- Lower passband edge: 0.50
- Lower transition bandwidth: 0.50 Hz (-6 dB cutoff frequency: 0.25 Hz)
- Upper passband edge: 20.00 Hz
- Upper transition bandwidth: 5.00 Hz (-6 dB cutoff frequency: 22.50 Hz)
- Filter length: 6601 samples (6.601 sec)

Multiple event values for single event times found. Keeping the first occurrence and dropping all others.
Adding metadata with 21 columns
39 matching events found
Setting baseline interval to [-1.0, 0.0] sec
Applying baseline correction (mode: mean)
0 projection items activated
Using data from preloaded Raw for 39 events and 5001 original time points (prior to decimation) ...
1 bad epochs dropped
Multiple event values for single event times found. Keeping the first occurrence and dropping all others.
Adding metadata with 21 columns
475 matching events found
Setting baseline interval to [-0.5, 0.0] sec
Applying baseline correction (mode: mean)
0 projection items activated
Using data from preloaded Raw for 475 events and 2501 original time points (prior to decimation) ...
1 bad epochs dropped
Adding metadata with 21 columns
1659 matching events found
Setting baseline interval to [-0.3, 0.0] sec
Applying baseline correction (mode: mean)
0 projection items activated
Using data from preloaded Raw for 1659 events and 1301 original time points (prior to decimation) ...
1 bad epochs dropped
Multiple event values for single event times found. Keeping the first occurrence and dropping all others.
Adding metadata with 21 columns
33 matching events found
Setting baseline interval to [-4.0, 0.0] sec
Applying baseline correction (mode: mean)
0 projection items activated
Using data from preloaded Raw for 33 events and 5001 original time points (prior to decimation) ...
1 bad epochs dropped
Multiple event values for single event times found. Keeping the first occurrence and dropping all others.
Adding metadata with 21 columns
481 matching events found
Setting baseline interval to [-2.0, 0.0] sec
Applying baseline correction (mode: mean)
0 projection items activated
Using data from preloaded Raw for 481 events and 2501 original time points (prior to decimation) ...
1 bad epochs dropped
Adding metadata with 21 columns
1659 matching events found
Setting baseline interval to [-1.0, 0.0] sec
Applying baseline correction (mode: mean)
0 projection items activated
Using data from preloaded Raw for 1659 events and 1301 original time points (prior to decimation) ...
1 bad epochs dropped

 Epoching for run 4, subject: 4

Opening raw data file /home/is153802/data/LPP_MEG_visual/sub-4/ses-01/meg/sub-4_ses-01_task-read_run-04_meg.fif...
    Read a total of 13 projection items:
        grad_ssp_upright.fif : PCA-v1 (1 x 306)  idle
        grad_ssp_upright.fif : PCA-v2 (1 x 306)  idle
        grad_ssp_upright.fif : PCA-v3 (1 x 306)  idle
        grad_ssp_upright.fif : PCA-v4 (1 x 306)  idle
        grad_ssp_upright.fif : PCA-v5 (1 x 306)  idle
        mag_ssp_upright.fif : PCA-v1 (1 x 306)  idle
        mag_ssp_upright.fif : PCA-v2 (1 x 306)  idle
        mag_ssp_upright.fif : PCA-v3 (1 x 306)  idle
        mag_ssp_upright.fif : PCA-v4 (1 x 306)  idle
        mag_ssp_upright.fif : PCA-v5 (1 x 306)  idle
        mag_ssp_upright.fif : PCA-v6 (1 x 306)  idle
        mag_ssp_upright.fif : PCA-v7 (1 x 306)  idle
        mag_ssp_upright.fif : PCA-v8 (1 x 306)  idle
    Range : 11000 ... 500999 =     11.000 ...   500.999 secs
Ready.
Reading events from /home/is153802/data/LPP_MEG_visual/sub-4/ses-01/meg/sub-4_ses-01_task-read_run-04_events.tsv.
Reading channel info from /home/is153802/data/LPP_MEG_visual/sub-4/ses-01/meg/sub-4_ses-01_task-read_run-04_channels.tsv.
Using 4 HPI coils: 293 307 314 321 Hz
Not fully anonymizing info - keeping his_id, sex, and hand info
