/mnt/localdrive/workspace-LPP/code/neurospin-petit-prince/decoding/cluster/dataset.py:51: RuntimeWarning: This file contains raw Internal Active Shielding data. It may be distorted. Elekta recommends it be run through MaxFilter to produce reliable results. Consider closing the file and running MaxFilter on the data.
  raw = mne_bids.read_raw_bids(bids_path)
/mnt/localdrive/workspace-LPP/code/neurospin-petit-prince/decoding/cluster/dataset.py:51: RuntimeWarning: Omitted 133 annotation(s) that were outside data range.
  raw = mne_bids.read_raw_bids(bids_path)
/mnt/localdrive/workspace-LPP/code/neurospin-petit-prince/decoding/cluster/dataset.py:51: RuntimeWarning: Limited 1 annotation(s) that were expanding outside the data range.
  raw = mne_bids.read_raw_bids(bids_path)
/mnt/localdrive/workspace-LPP/code/neurospin-petit-prince/decoding/cluster/dataset.py:51: RuntimeWarning: The unit for channel(s) STI001, STI002, STI003, STI004, STI005, STI006, STI007, STI008, STI009, STI010, STI011, STI012, STI013, STI014, STI015, STI016, STI101, STI201, STI301 has changed from V to NA.
  raw = mne_bids.read_raw_bids(bids_path)
[Parallel(n_jobs=1)]: Using backend SequentialBackend with 1 concurrent workers.
[Parallel(n_jobs=1)]: Done   1 out of   1 | elapsed:    0.0s remaining:    0.0s
[Parallel(n_jobs=1)]: Done   2 out of   2 | elapsed:    0.0s remaining:    0.0s
[Parallel(n_jobs=1)]: Done   3 out of   3 | elapsed:    0.1s remaining:    0.0s
[Parallel(n_jobs=1)]: Done   4 out of   4 | elapsed:    0.1s remaining:    0.0s
[Parallel(n_jobs=1)]: Done 306 out of 306 | elapsed:    7.1s finished
/tmp/ipykernel_200815/751625764.py:72: RuntimeWarning: The events passed to the Epochs constructor are not chronologically ordered.
/tmp/ipykernel_200815/751625764.py:72: RuntimeWarning: The events passed to the Epochs constructor are not chronologically ordered.
/tmp/ipykernel_200815/751625764.py:72: RuntimeWarning: The events passed to the Epochs constructor are not chronologically ordered.
/tmp/ipykernel_200815/751625764.py:72: RuntimeWarning: The events passed to the Epochs constructor are not chronologically ordered.
/tmp/ipykernel_200815/751625764.py:72: RuntimeWarning: The events passed to the Epochs constructor are not chronologically ordered.
/tmp/ipykernel_200815/751625764.py:72: RuntimeWarning: The events passed to the Epochs constructor are not chronologically ordered.
/mnt/localdrive/workspace-LPP/code/neurospin-petit-prince/decoding/cluster/dataset.py:51: RuntimeWarning: This file contains raw Internal Active Shielding data. It may be distorted. Elekta recommends it be run through MaxFilter to produce reliable results. Consider closing the file and running MaxFilter on the data.
  raw = mne_bids.read_raw_bids(bids_path)
/mnt/localdrive/workspace-LPP/code/neurospin-petit-prince/decoding/cluster/dataset.py:51: RuntimeWarning: Omitted 134 annotation(s) that were outside data range.
  raw = mne_bids.read_raw_bids(bids_path)
/mnt/localdrive/workspace-LPP/code/neurospin-petit-prince/decoding/cluster/dataset.py:51: RuntimeWarning: Limited 1 annotation(s) that were expanding outside the data range.
  raw = mne_bids.read_raw_bids(bids_path)
/mnt/localdrive/workspace-LPP/code/neurospin-petit-prince/decoding/cluster/dataset.py:51: RuntimeWarning: The unit for channel(s) STI001, STI002, STI003, STI004, STI005, STI006, STI007, STI008, STI009, STI010, STI011, STI012, STI013, STI014, STI015, STI016, STI101, STI201, STI301 has changed from V to NA.
  raw = mne_bids.read_raw_bids(bids_path)
[Parallel(n_jobs=1)]: Using backend SequentialBackend with 1 concurrent workers.
[Parallel(n_jobs=1)]: Done   1 out of   1 | elapsed:    0.0s remaining:    0.0s
[Parallel(n_jobs=1)]: Done   2 out of   2 | elapsed:    0.1s remaining:    0.0s
[Parallel(n_jobs=1)]: Done   3 out of   3 | elapsed:    0.1s remaining:    0.0s
[Parallel(n_jobs=1)]: Done   4 out of   4 | elapsed:    0.2s remaining:    0.0s
[Parallel(n_jobs=1)]: Done 306 out of 306 | elapsed: 34.1min finished
Traceback (most recent call last):
  File "/home/is153802/.pyenv/versions/3.10.6/lib/python3.10/runpy.py", line 196, in _run_module_as_main
    return _run_code(code, main_globals, None,
  File "/home/is153802/.pyenv/versions/3.10.6/lib/python3.10/runpy.py", line 86, in _run_code
    exec(code, run_globals)
  File "/home/is153802/.pyenv/versions/meg-masc/lib/python3.10/site-packages/submitit/core/_submit.py", line 11, in <module>
    submitit_main()
  File "/home/is153802/.pyenv/versions/meg-masc/lib/python3.10/site-packages/submitit/core/submission.py", line 72, in submitit_main
    process_job(args.folder)
  File "/home/is153802/.pyenv/versions/meg-masc/lib/python3.10/site-packages/submitit/core/submission.py", line 54, in process_job
    result = delayed.result()
  File "/home/is153802/.pyenv/versions/meg-masc/lib/python3.10/site-packages/submitit/core/utils.py", line 133, in result
    self._result = self.function(*self.args, **self.kwargs)
  File "/tmp/ipykernel_200815/751625764.py", line 31, in analysis
  File "/mnt/localdrive/workspace-LPP/code/neurospin-petit-prince/decoding/cluster/dataset.py", line 90, in read_raw
    raw = raw.filter(0.5, 20)
  File "/home/is153802/.pyenv/versions/meg-masc/lib/python3.10/site-packages/mne/io/base.py", line 977, in filter
    return super().filter(
  File "<decorator-gen-146>", line 12, in filter
  File "/home/is153802/.pyenv/versions/meg-masc/lib/python3.10/site-packages/mne/filter.py", line 2024, in filter
    filter_data(
  File "<decorator-gen-141>", line 12, in filter_data
  File "/home/is153802/.pyenv/versions/meg-masc/lib/python3.10/site-packages/mne/filter.py", line 816, in filter_data
    data = _overlap_add_filter(data, filt, None, phase, picks, n_jobs,
  File "/home/is153802/.pyenv/versions/meg-masc/lib/python3.10/site-packages/mne/filter.py", line 208, in _overlap_add_filter
    data_new = parallel(p_fun(x[p], len(h), n_edge, phase,
  File "/home/is153802/.pyenv/versions/meg-masc/lib/python3.10/site-packages/joblib/parallel.py", line 1059, in __call__
    self._print('Done %3i out of %3i | elapsed: %s finished',
  File "/home/is153802/.pyenv/versions/meg-masc/lib/python3.10/site-packages/joblib/parallel.py", line 875, in _print
    writer('[%s]: %s\n' % (self, msg))
KeyboardInterrupt
