submitit INFO (2023-04-25 13:35:47,598) - Starting with JobEnvironment(job_id=201518, hostname=is153802, local_rank=0(1), node=0(1), global_rank=0(1))
submitit INFO (2023-04-25 13:35:47,598) - Loading pickle: /mnt/localdrive/workspace-LPP/code/neurospin-petit-prince/decoding/cluster/logs/201518_submitted.pkl

 Epoching for run 1, subject: 10

Opening raw data file /home/is153802/data/LPP_MEG_visual/sub-10/ses-01/meg/sub-10_ses-01_task-read_run-01_meg.fif...
    Read a total of 13 projection items:
        grad_ssp_upright.fif : PCA-v1 (1 x 306)  idle
        grad_ssp_upright.fif : PCA-v2 (1 x 306)  idle
        grad_ssp_upright.fif : PCA-v3 (1 x 306)  idle
        grad_ssp_upright.fif : PCA-v4 (1 x 306)  idle
        grad_ssp_upright.fif : PCA-v5 (1 x 306)  idle
        mag_ssp_upright.fif : PCA-v1 (1 x 306)  idle
        mag_ssp_upright.fif : PCA-v2 (1 x 306)  idle
        mag_ssp_upright.fif : PCA-v3 (1 x 306)  idle
        mag_ssp_upright.fif : PCA-v4 (1 x 306)  idle
        mag_ssp_upright.fif : PCA-v5 (1 x 306)  idle
        mag_ssp_upright.fif : PCA-v6 (1 x 306)  idle
        mag_ssp_upright.fif : PCA-v7 (1 x 306)  idle
        mag_ssp_upright.fif : PCA-v8 (1 x 306)  idle
    Range : 37000 ... 506999 =     37.000 ...   506.999 secs
Ready.
Reading events from /home/is153802/data/LPP_MEG_visual/sub-10/ses-01/meg/sub-10_ses-01_task-read_run-01_events.tsv.
Reading channel info from /home/is153802/data/LPP_MEG_visual/sub-10/ses-01/meg/sub-10_ses-01_task-read_run-01_channels.tsv.
Using 4 HPI coils: 293 307 314 321 Hz
Not fully anonymizing info - keeping his_id, sex, and hand info
1467 events found
Event IDs: [ 1  2  3  4  5  6  7  8  9 10 11 12 13 14 15]
Reading 0 ... 469999  =      0.000 ...   469.999 secs...
Filtering raw data in 1 contiguous segment
Setting up band-pass filter from 0.5 - 20 Hz

FIR filter parameters
---------------------
Designing a one-pass, zero-phase, non-causal bandpass filter:
- Windowed time-domain design (firwin) method
- Hamming window with 0.0194 passband ripple and 53 dB stopband attenuation
- Lower passband edge: 0.50
- Lower transition bandwidth: 0.50 Hz (-6 dB cutoff frequency: 0.25 Hz)
- Upper passband edge: 20.00 Hz
- Upper transition bandwidth: 5.00 Hz (-6 dB cutoff frequency: 22.50 Hz)
- Filter length: 6601 samples (6.601 sec)

Adding metadata with 21 columns
38 matching events found
Setting baseline interval to [-1.0, 0.0] sec
Applying baseline correction (mode: mean)
0 projection items activated
Using data from preloaded Raw for 38 events and 5001 original time points (prior to decimation) ...
1 bad epochs dropped
Adding metadata with 21 columns
392 matching events found
Setting baseline interval to [-0.5, 0.0] sec
Applying baseline correction (mode: mean)
0 projection items activated
Using data from preloaded Raw for 392 events and 2501 original time points (prior to decimation) ...
1 bad epochs dropped
Multiple event values for single event times found. Keeping the first occurrence and dropping all others.
Adding metadata with 21 columns
1405 matching events found
Setting baseline interval to [-0.3, 0.0] sec
Applying baseline correction (mode: mean)
0 projection items activated
Using data from preloaded Raw for 1405 events and 1301 original time points (prior to decimation) ...
1 bad epochs dropped
Multiple event values for single event times found. Keeping the first occurrence and dropping all others.
Adding metadata with 21 columns
19 matching events found
Setting baseline interval to [-4.0, 0.0] sec
Applying baseline correction (mode: mean)
0 projection items activated
Using data from preloaded Raw for 19 events and 5001 original time points (prior to decimation) ...
1 bad epochs dropped
Multiple event values for single event times found. Keeping the first occurrence and dropping all others.
Adding metadata with 21 columns
380 matching events found
Setting baseline interval to [-2.0, 0.0] sec
Applying baseline correction (mode: mean)
0 projection items activated
Using data from preloaded Raw for 380 events and 2501 original time points (prior to decimation) ...
1 bad epochs dropped
Multiple event values for single event times found. Keeping the first occurrence and dropping all others.
Adding metadata with 21 columns
1405 matching events found
Setting baseline interval to [-1.0, 0.0] sec
Applying baseline correction (mode: mean)
0 projection items activated
Using data from preloaded Raw for 1405 events and 1301 original time points (prior to decimation) ...
1 bad epochs dropped

 Epoching for run 2, subject: 10

Opening raw data file /home/is153802/data/LPP_MEG_visual/sub-10/ses-01/meg/sub-10_ses-01_task-read_run-02_meg.fif...
    Read a total of 13 projection items:
        grad_ssp_upright.fif : PCA-v1 (1 x 306)  idle
        grad_ssp_upright.fif : PCA-v2 (1 x 306)  idle
        grad_ssp_upright.fif : PCA-v3 (1 x 306)  idle
        grad_ssp_upright.fif : PCA-v4 (1 x 306)  idle
        grad_ssp_upright.fif : PCA-v5 (1 x 306)  idle
        mag_ssp_upright.fif : PCA-v1 (1 x 306)  idle
        mag_ssp_upright.fif : PCA-v2 (1 x 306)  idle
        mag_ssp_upright.fif : PCA-v3 (1 x 306)  idle
        mag_ssp_upright.fif : PCA-v4 (1 x 306)  idle
        mag_ssp_upright.fif : PCA-v5 (1 x 306)  idle
        mag_ssp_upright.fif : PCA-v6 (1 x 306)  idle
        mag_ssp_upright.fif : PCA-v7 (1 x 306)  idle
        mag_ssp_upright.fif : PCA-v8 (1 x 306)  idle
    Range : 13000 ... 518999 =     13.000 ...   518.999 secs
Ready.
Reading events from /home/is153802/data/LPP_MEG_visual/sub-10/ses-01/meg/sub-10_ses-01_task-read_run-02_events.tsv.
Reading channel info from /home/is153802/data/LPP_MEG_visual/sub-10/ses-01/meg/sub-10_ses-01_task-read_run-02_channels.tsv.
Using 4 HPI coils: 293 307 314 321 Hz
Not fully anonymizing info - keeping his_id, sex, and hand info
1605 events found
Event IDs: [ 1  2  3  4  5  6  7  8  9 10 11 12 13 14 15 16]
Reading 0 ... 505999  =      0.000 ...   505.999 secs...
Filtering raw data in 1 contiguous segment
Setting up band-pass filter from 0.5 - 20 Hz

FIR filter parameters
---------------------
Designing a one-pass, zero-phase, non-causal bandpass filter:
- Windowed time-domain design (firwin) method
- Hamming window with 0.0194 passband ripple and 53 dB stopband attenuation
- Lower passband edge: 0.50
- Lower transition bandwidth: 0.50 Hz (-6 dB cutoff frequency: 0.25 Hz)
- Upper passband edge: 20.00 Hz
- Upper transition bandwidth: 5.00 Hz (-6 dB cutoff frequency: 22.50 Hz)
- Filter length: 6601 samples (6.601 sec)

Multiple event values for single event times found. Keeping the first occurrence and dropping all others.
Adding metadata with 21 columns
35 matching events found
Setting baseline interval to [-1.0, 0.0] sec
Applying baseline correction (mode: mean)
0 projection items activated
Using data from preloaded Raw for 35 events and 5001 original time points (prior to decimation) ...
1 bad epochs dropped
Multiple event values for single event times found. Keeping the first occurrence and dropping all others.
Adding metadata with 21 columns
428 matching events found
Setting baseline interval to [-0.5, 0.0] sec
Applying baseline correction (mode: mean)
0 projection items activated
Using data from preloaded Raw for 428 events and 2501 original time points (prior to decimation) ...
1 bad epochs dropped
Multiple event values for single event times found. Keeping the first occurrence and dropping all others.
Adding metadata with 21 columns
1560 matching events found
Setting baseline interval to [-0.3, 0.0] sec
Applying baseline correction (mode: mean)
0 projection items activated
Using data from preloaded Raw for 1560 events and 1301 original time points (prior to decimation) ...
1 bad epochs dropped
Multiple event values for single event times found. Keeping the first occurrence and dropping all others.
Adding metadata with 21 columns
24 matching events found
Setting baseline interval to [-4.0, 0.0] sec
Applying baseline correction (mode: mean)
0 projection items activated
Using data from preloaded Raw for 24 events and 5001 original time points (prior to decimation) ...
1 bad epochs dropped
Multiple event values for single event times found. Keeping the first occurrence and dropping all others.
Adding metadata with 21 columns
422 matching events found
Setting baseline interval to [-2.0, 0.0] sec
Applying baseline correction (mode: mean)
0 projection items activated
Using data from preloaded Raw for 422 events and 2501 original time points (prior to decimation) ...
1 bad epochs dropped
Multiple event values for single event times found. Keeping the first occurrence and dropping all others.
Adding metadata with 21 columns
1560 matching events found
Setting baseline interval to [-1.0, 0.0] sec
Applying baseline correction (mode: mean)
0 projection items activated
Using data from preloaded Raw for 1560 events and 1301 original time points (prior to decimation) ...
1 bad epochs dropped

 Epoching for run 3, subject: 10

Opening raw data file /home/is153802/data/LPP_MEG_visual/sub-10/ses-01/meg/sub-10_ses-01_task-read_run-03_meg.fif...
    Read a total of 13 projection items:
        grad_ssp_upright.fif : PCA-v1 (1 x 306)  idle
        grad_ssp_upright.fif : PCA-v2 (1 x 306)  idle
        grad_ssp_upright.fif : PCA-v3 (1 x 306)  idle
        grad_ssp_upright.fif : PCA-v4 (1 x 306)  idle
        grad_ssp_upright.fif : PCA-v5 (1 x 306)  idle
        mag_ssp_upright.fif : PCA-v1 (1 x 306)  idle
        mag_ssp_upright.fif : PCA-v2 (1 x 306)  idle
        mag_ssp_upright.fif : PCA-v3 (1 x 306)  idle
        mag_ssp_upright.fif : PCA-v4 (1 x 306)  idle
        mag_ssp_upright.fif : PCA-v5 (1 x 306)  idle
        mag_ssp_upright.fif : PCA-v6 (1 x 306)  idle
        mag_ssp_upright.fif : PCA-v7 (1 x 306)  idle
        mag_ssp_upright.fif : PCA-v8 (1 x 306)  idle
    Range : 11000 ... 570999 =     11.000 ...   570.999 secs
Ready.
Reading events from /home/is153802/data/LPP_MEG_visual/sub-10/ses-01/meg/sub-10_ses-01_task-read_run-03_events.tsv.
Reading channel info from /home/is153802/data/LPP_MEG_visual/sub-10/ses-01/meg/sub-10_ses-01_task-read_run-03_channels.tsv.
Using 4 HPI coils: 293 307 314 321 Hz
Not fully anonymizing info - keeping his_id, sex, and hand info
1719 events found
Event IDs: [ 1  2  3  4  5  6  7  8  9 10 11 12 13 14 15 16 17 18]
Reading 0 ... 559999  =      0.000 ...   559.999 secs...
Filtering raw data in 1 contiguous segment
Setting up band-pass filter from 0.5 - 20 Hz

FIR filter parameters
---------------------
Designing a one-pass, zero-phase, non-causal bandpass filter:
- Windowed time-domain design (firwin) method
- Hamming window with 0.0194 passband ripple and 53 dB stopband attenuation
- Lower passband edge: 0.50
- Lower transition bandwidth: 0.50 Hz (-6 dB cutoff frequency: 0.25 Hz)
- Upper passband edge: 20.00 Hz
- Upper transition bandwidth: 5.00 Hz (-6 dB cutoff frequency: 22.50 Hz)
- Filter length: 6601 samples (6.601 sec)

Multiple event values for single event times found. Keeping the first occurrence and dropping all others.
Adding metadata with 21 columns
39 matching events found
Setting baseline interval to [-1.0, 0.0] sec
Applying baseline correction (mode: mean)
0 projection items activated
Using data from preloaded Raw for 39 events and 5001 original time points (prior to decimation) ...
1 bad epochs dropped
Multiple event values for single event times found. Keeping the first occurrence and dropping all others.
Adding metadata with 21 columns
475 matching events found
Setting baseline interval to [-0.5, 0.0] sec
Applying baseline correction (mode: mean)
0 projection items activated
Using data from preloaded Raw for 475 events and 2501 original time points (prior to decimation) ...
1 bad epochs dropped
Adding metadata with 21 columns
1659 matching events found
Setting baseline interval to [-0.3, 0.0] sec
Applying baseline correction (mode: mean)
0 projection items activated
Using data from preloaded Raw for 1659 events and 1301 original time points (prior to decimation) ...
1 bad epochs dropped
Multiple event values for single event times found. Keeping the first occurrence and dropping all others.
Adding metadata with 21 columns
33 matching events found
Setting baseline interval to [-4.0, 0.0] sec
Applying baseline correction (mode: mean)
0 projection items activated
Using data from preloaded Raw for 33 events and 5001 original time points (prior to decimation) ...
1 bad epochs dropped
Multiple event values for single event times found. Keeping the first occurrence and dropping all others.
Adding metadata with 21 columns
481 matching events found
Setting baseline interval to [-2.0, 0.0] sec
Applying baseline correction (mode: mean)
0 projection items activated
Using data from preloaded Raw for 481 events and 2501 original time points (prior to decimation) ...
1 bad epochs dropped
Adding metadata with 21 columns
1659 matching events found
Setting baseline interval to [-1.0, 0.0] sec
Applying baseline correction (mode: mean)
0 projection items activated
Using data from preloaded Raw for 1659 events and 1301 original time points (prior to decimation) ...
1 bad epochs dropped

 Epoching for run 4, subject: 10

Opening raw data file /home/is153802/data/LPP_MEG_visual/sub-10/ses-01/meg/sub-10_ses-01_task-read_run-04_meg.fif...
    Read a total of 13 projection items:
        grad_ssp_upright.fif : PCA-v1 (1 x 306)  idle
        grad_ssp_upright.fif : PCA-v2 (1 x 306)  idle
        grad_ssp_upright.fif : PCA-v3 (1 x 306)  idle
        grad_ssp_upright.fif : PCA-v4 (1 x 306)  idle
        grad_ssp_upright.fif : PCA-v5 (1 x 306)  idle
        mag_ssp_upright.fif : PCA-v1 (1 x 306)  idle
        mag_ssp_upright.fif : PCA-v2 (1 x 306)  idle
        mag_ssp_upright.fif : PCA-v3 (1 x 306)  idle
        mag_ssp_upright.fif : PCA-v4 (1 x 306)  idle
        mag_ssp_upright.fif : PCA-v5 (1 x 306)  idle
        mag_ssp_upright.fif : PCA-v6 (1 x 306)  idle
        mag_ssp_upright.fif : PCA-v7 (1 x 306)  idle
        mag_ssp_upright.fif : PCA-v8 (1 x 306)  idle
    Range : 7000 ... 501999 =      7.000 ...   501.999 secs
Ready.
Reading events from /home/is153802/data/LPP_MEG_visual/sub-10/ses-01/meg/sub-10_ses-01_task-read_run-04_events.tsv.
Reading channel info from /home/is153802/data/LPP_MEG_visual/sub-10/ses-01/meg/sub-10_ses-01_task-read_run-04_channels.tsv.
Using 4 HPI coils: 293 307 314 321 Hz
Not fully anonymizing info - keeping his_id, sex, and hand info
1491 events found
Event IDs: [ 1  2  3  4  5  6  7  8  9 10 11 12 13 14 15 16 17 19]
Reading 0 ... 494999  =      0.000 ...   494.999 secs...
Filtering raw data in 1 contiguous segment
Setting up band-pass filter from 0.5 - 20 Hz

FIR filter parameters
---------------------
Designing a one-pass, zero-phase, non-causal bandpass filter:
- Windowed time-domain design (firwin) method
- Hamming window with 0.0194 passband ripple and 53 dB stopband attenuation
- Lower passband edge: 0.50
- Lower transition bandwidth: 0.50 Hz (-6 dB cutoff frequency: 0.25 Hz)
- Upper passband edge: 20.00 Hz
- Upper transition bandwidth: 5.00 Hz (-6 dB cutoff frequency: 22.50 Hz)
- Filter length: 6601 samples (6.601 sec)

Multiple event values for single event times found. Keeping the first occurrence and dropping all others.
Adding metadata with 21 columns
56 matching events found
Setting baseline interval to [-1.0, 0.0] sec
Applying baseline correction (mode: mean)
0 projection items activated
Using data from preloaded Raw for 56 events and 5001 original time points (prior to decimation) ...
1 bad epochs dropped
Multiple event values for single event times found. Keeping the first occurrence and dropping all others.
Adding metadata with 21 columns
413 matching events found
Setting baseline interval to [-0.5, 0.0] sec
Applying baseline correction (mode: mean)
0 projection items activated
Using data from preloaded Raw for 413 events and 2501 original time points (prior to decimation) ...
1 bad epochs dropped
Multiple event values for single event times found. Keeping the first occurrence and dropping all others.
Adding metadata with 21 columns
1438 matching events found
Setting baseline interval to [-0.3, 0.0] sec
Applying baseline correction (mode: mean)
0 projection items activated
Using data from preloaded Raw for 1438 events and 1301 original time points (prior to decimation) ...
1 bad epochs dropped
Multiple event values for single event times found. Keeping the first occurrence and dropping all others.
Adding metadata with 21 columns
65 matching events found
Setting baseline interval to [-4.0, 0.0] sec
Applying baseline correction (mode: mean)
0 projection items activated
Using data from preloaded Raw for 65 events and 5001 original time points (prior to decimation) ...
1 bad epochs dropped
Multiple event values for single event times found. Keeping the first occurrence and dropping all others.
Adding metadata with 21 columns
430 matching events found
Setting baseline interval to [-2.0, 0.0] sec
Applying baseline correction (mode: mean)
0 projection items activated
Using data from preloaded Raw for 430 events and 2501 original time points (prior to decimation) ...
1 bad epochs dropped
Multiple event values for single event times found. Keeping the first occurrence and dropping all others.
Adding metadata with 21 columns
1438 matching events found
Setting baseline interval to [-1.0, 0.0] sec
Applying baseline correction (mode: mean)
0 projection items activated
Using data from preloaded Raw for 1438 events and 1301 original time points (prior to decimation) ...
1 bad epochs dropped

 Epoching for run 5, subject: 10

Opening raw data file /home/is153802/data/LPP_MEG_visual/sub-10/ses-01/meg/sub-10_ses-01_task-read_run-05_meg.fif...
    Read a total of 13 projection items:
        grad_ssp_upright.fif : PCA-v1 (1 x 306)  idle
        grad_ssp_upright.fif : PCA-v2 (1 x 306)  idle
        grad_ssp_upright.fif : PCA-v3 (1 x 306)  idle
        grad_ssp_upright.fif : PCA-v4 (1 x 306)  idle
        grad_ssp_upright.fif : PCA-v5 (1 x 306)  idle
        mag_ssp_upright.fif : PCA-v1 (1 x 306)  idle
        mag_ssp_upright.fif : PCA-v2 (1 x 306)  idle
        mag_ssp_upright.fif : PCA-v3 (1 x 306)  idle
        mag_ssp_upright.fif : PCA-v4 (1 x 306)  idle
        mag_ssp_upright.fif : PCA-v5 (1 x 306)  idle
        mag_ssp_upright.fif : PCA-v6 (1 x 306)  idle
        mag_ssp_upright.fif : PCA-v7 (1 x 306)  idle
        mag_ssp_upright.fif : PCA-v8 (1 x 306)  idle
    Range : 12000 ... 472999 =     12.000 ...   472.999 secs
Ready.
Reading events from /home/is153802/data/LPP_MEG_visual/sub-10/ses-01/meg/sub-10_ses-01_task-read_run-05_events.tsv.
Reading channel info from /home/is153802/data/LPP_MEG_visual/sub-10/ses-01/meg/sub-10_ses-01_task-read_run-05_channels.tsv.
Using 4 HPI coils: 293 307 314 321 Hz
Not fully anonymizing info - keeping his_id, sex, and hand info
1372 events found
Event IDs: [ 1  2  3  4  5  6  7  8  9 10 11 12 13 14 16 20]
Reading 0 ... 460999  =      0.000 ...   460.999 secs...
Filtering raw data in 1 contiguous segment
Setting up band-pass filter from 0.5 - 20 Hz

FIR filter parameters
---------------------
Designing a one-pass, zero-phase, non-causal bandpass filter:
- Windowed time-domain design (firwin) method
- Hamming window with 0.0194 passband ripple and 53 dB stopband attenuation
- Lower passband edge: 0.50
- Lower transition bandwidth: 0.50 Hz (-6 dB cutoff frequency: 0.25 Hz)
- Upper passband edge: 20.00 Hz
- Upper transition bandwidth: 5.00 Hz (-6 dB cutoff frequency: 22.50 Hz)
- Filter length: 6601 samples (6.601 sec)

Multiple event values for single event times found. Keeping the first occurrence and dropping all others.
Adding metadata with 21 columns
68 matching events found
Setting baseline interval to [-1.0, 0.0] sec
Applying baseline correction (mode: mean)
0 projection items activated
Using data from preloaded Raw for 68 events and 5001 original time points (prior to decimation) ...
1 bad epochs dropped
Multiple event values for single event times found. Keeping the first occurrence and dropping all others.
Adding metadata with 21 columns
386 matching events found
Setting baseline interval to [-0.5, 0.0] sec
Applying baseline correction (mode: mean)
0 projection items activated
Using data from preloaded Raw for 386 events and 2501 original time points (prior to decimation) ...
1 bad epochs dropped
Multiple event values for single event times found. Keeping the first occurrence and dropping all others.
Adding metadata with 21 columns
1333 matching events found
Setting baseline interval to [-0.3, 0.0] sec
Applying baseline correction (mode: mean)
0 projection items activated
Using data from preloaded Raw for 1333 events and 1301 original time points (prior to decimation) ...
1 bad epochs dropped
Multiple event values for single event times found. Keeping the first occurrence and dropping all others.
Adding metadata with 21 columns
63 matching events found
Setting baseline interval to [-4.0, 0.0] sec
Applying baseline correction (mode: mean)
0 projection items activated
Using data from preloaded Raw for 63 events and 5001 original time points (prior to decimation) ...
1 bad epochs dropped
Multiple event values for single event times found. Keeping the first occurrence and dropping all others.
Adding metadata with 21 columns
394 matching events found
Setting baseline interval to [-2.0, 0.0] sec
Applying baseline correction (mode: mean)
0 projection items activated
Using data from preloaded Raw for 394 events and 2501 original time points (prior to decimation) ...
1 bad epochs dropped
Multiple event values for single event times found. Keeping the first occurrence and dropping all others.
Adding metadata with 21 columns
1333 matching events found
Setting baseline interval to [-1.0, 0.0] sec
Applying baseline correction (mode: mean)
0 projection items activated
Using data from preloaded Raw for 1333 events and 1301 original time points (prior to decimation) ...
1 bad epochs dropped

 Epoching for run 6, subject: 10

Opening raw data file /home/is153802/data/LPP_MEG_visual/sub-10/ses-01/meg/sub-10_ses-01_task-read_run-06_meg.fif...
    Read a total of 13 projection items:
        grad_ssp_upright.fif : PCA-v1 (1 x 306)  idle
        grad_ssp_upright.fif : PCA-v2 (1 x 306)  idle
        grad_ssp_upright.fif : PCA-v3 (1 x 306)  idle
        grad_ssp_upright.fif : PCA-v4 (1 x 306)  idle
        grad_ssp_upright.fif : PCA-v5 (1 x 306)  idle
        mag_ssp_upright.fif : PCA-v1 (1 x 306)  idle
        mag_ssp_upright.fif : PCA-v2 (1 x 306)  idle
        mag_ssp_upright.fif : PCA-v3 (1 x 306)  idle
        mag_ssp_upright.fif : PCA-v4 (1 x 306)  idle
        mag_ssp_upright.fif : PCA-v5 (1 x 306)  idle
        mag_ssp_upright.fif : PCA-v6 (1 x 306)  idle
        mag_ssp_upright.fif : PCA-v7 (1 x 306)  idle
        mag_ssp_upright.fif : PCA-v8 (1 x 306)  idle
    Range : 9000 ... 575999 =      9.000 ...   575.999 secs
Ready.
Reading events from /home/is153802/data/LPP_MEG_visual/sub-10/ses-01/meg/sub-10_ses-01_task-read_run-06_events.tsv.
Reading channel info from /home/is153802/data/LPP_MEG_visual/sub-10/ses-01/meg/sub-10_ses-01_task-read_run-06_channels.tsv.
Using 4 HPI coils: 293 307 314 321 Hz
Not fully anonymizing info - keeping his_id, sex, and hand info
1698 events found
Event IDs: [ 1  2  3  4  5  6  7  8  9 10 11 12 13 14 15 16]
Reading 0 ... 566999  =      0.000 ...   566.999 secs...
Filtering raw data in 1 contiguous segment
Setting up band-pass filter from 0.5 - 20 Hz

FIR filter parameters
---------------------
Designing a one-pass, zero-phase, non-causal bandpass filter:
- Windowed time-domain design (firwin) method
- Hamming window with 0.0194 passband ripple and 53 dB stopband attenuation
- Lower passband edge: 0.50
- Lower transition bandwidth: 0.50 Hz (-6 dB cutoff frequency: 0.25 Hz)
- Upper passband edge: 20.00 Hz
- Upper transition bandwidth: 5.00 Hz (-6 dB cutoff frequency: 22.50 Hz)
- Filter length: 6601 samples (6.601 sec)

Adding metadata with 21 columns
89 matching events found
Setting baseline interval to [-1.0, 0.0] sec
Applying baseline correction (mode: mean)
0 projection items activated
Using data from preloaded Raw for 89 events and 5001 original time points (prior to decimation) ...
1 bad epochs dropped
Adding metadata with 21 columns
483 matching events found
Setting baseline interval to [-0.5, 0.0] sec
Applying baseline correction (mode: mean)
0 projection items activated
Using data from preloaded Raw for 483 events and 2501 original time points (prior to decimation) ...
0 bad epochs dropped
Adding metadata with 21 columns
1695 matching events found
Setting baseline interval to [-0.3, 0.0] sec
Applying baseline correction (mode: mean)
0 projection items activated
Using data from preloaded Raw for 1695 events and 1301 original time points (prior to decimation) ...
0 bad epochs dropped
Adding metadata with 21 columns
88 matching events found
Setting baseline interval to [-4.0, 0.0] sec
Applying baseline correction (mode: mean)
0 projection items activated
Using data from preloaded Raw for 88 events and 5001 original time points (prior to decimation) ...
0 bad epochs dropped
Adding metadata with 21 columns
514 matching events found
Setting baseline interval to [-2.0, 0.0] sec
Applying baseline correction (mode: mean)
0 projection items activated
Using data from preloaded Raw for 514 events and 2501 original time points (prior to decimation) ...
0 bad epochs dropped
Adding metadata with 21 columns
1695 matching events found
Setting baseline interval to [-1.0, 0.0] sec
Applying baseline correction (mode: mean)
0 projection items activated
Using data from preloaded Raw for 1695 events and 1301 original time points (prior to decimation) ...
0 bad epochs dropped

 Epoching for run 7, subject: 10

Opening raw data file /home/is153802/data/LPP_MEG_visual/sub-10/ses-01/meg/sub-10_ses-01_task-read_run-07_meg.fif...
    Read a total of 13 projection items:
        grad_ssp_upright.fif : PCA-v1 (1 x 306)  idle
        grad_ssp_upright.fif : PCA-v2 (1 x 306)  idle
        grad_ssp_upright.fif : PCA-v3 (1 x 306)  idle
        grad_ssp_upright.fif : PCA-v4 (1 x 306)  idle
        grad_ssp_upright.fif : PCA-v5 (1 x 306)  idle
        mag_ssp_upright.fif : PCA-v1 (1 x 306)  idle
        mag_ssp_upright.fif : PCA-v2 (1 x 306)  idle
        mag_ssp_upright.fif : PCA-v3 (1 x 306)  idle
        mag_ssp_upright.fif : PCA-v4 (1 x 306)  idle
        mag_ssp_upright.fif : PCA-v5 (1 x 306)  idle
        mag_ssp_upright.fif : PCA-v6 (1 x 306)  idle
        mag_ssp_upright.fif : PCA-v7 (1 x 306)  idle
        mag_ssp_upright.fif : PCA-v8 (1 x 306)  idle
    Range : 11000 ... 530999 =     11.000 ...   530.999 secs
Ready.
Reading events from /home/is153802/data/LPP_MEG_visual/sub-10/ses-01/meg/sub-10_ses-01_task-read_run-07_events.tsv.
Reading channel info from /home/is153802/data/LPP_MEG_visual/sub-10/ses-01/meg/sub-10_ses-01_task-read_run-07_channels.tsv.
Using 4 HPI coils: 293 307 314 321 Hz
Not fully anonymizing info - keeping his_id, sex, and hand info
1553 events found
Event IDs: [ 1  2  3  4  5  6  7  8  9 10 11 12 13 14 15]
Reading 0 ... 519999  =      0.000 ...   519.999 secs...
Filtering raw data in 1 contiguous segment
Setting up band-pass filter from 0.5 - 20 Hz

FIR filter parameters
---------------------
Designing a one-pass, zero-phase, non-causal bandpass filter:
- Windowed time-domain design (firwin) method
- Hamming window with 0.0194 passband ripple and 53 dB stopband attenuation
- Lower passband edge: 0.50
- Lower transition bandwidth: 0.50 Hz (-6 dB cutoff frequency: 0.25 Hz)
- Upper passband edge: 20.00 Hz
- Upper transition bandwidth: 5.00 Hz (-6 dB cutoff frequency: 22.50 Hz)
- Filter length: 6601 samples (6.601 sec)

Adding metadata with 21 columns
77 matching events found
Setting baseline interval to [-1.0, 0.0] sec
Applying baseline correction (mode: mean)
0 projection items activated
Using data from preloaded Raw for 77 events and 5001 original time points (prior to decimation) ...
1 bad epochs dropped
Adding metadata with 21 columns
472 matching events found
Setting baseline interval to [-0.5, 0.0] sec
Applying baseline correction (mode: mean)
0 projection items activated
Using data from preloaded Raw for 472 events and 2501 original time points (prior to decimation) ...
0 bad epochs dropped
Adding metadata with 21 columns
1552 matching events found
Setting baseline interval to [-0.3, 0.0] sec
Applying baseline correction (mode: mean)
0 projection items activated
Using data from preloaded Raw for 1552 events and 1301 original time points (prior to decimation) ...
0 bad epochs dropped
Adding metadata with 21 columns
73 matching events found
Setting baseline interval to [-4.0, 0.0] sec
Applying baseline correction (mode: mean)
0 projection items activated
Using data from preloaded Raw for 73 events and 5001 original time points (prior to decimation) ...
0 bad epochs dropped
Adding metadata with 21 columns
506 matching events found
Setting baseline interval to [-2.0, 0.0] sec
Applying baseline correction (mode: mean)
0 projection items activated
Using data from preloaded Raw for 506 events and 2501 original time points (prior to decimation) ...
0 bad epochs dropped
Adding metadata with 21 columns
1552 matching events found
Setting baseline interval to [-1.0, 0.0] sec
Applying baseline correction (mode: mean)
0 projection items activated
Using data from preloaded Raw for 1552 events and 1301 original time points (prior to decimation) ...
0 bad epochs dropped

 Epoching for run 8, subject: 10

Opening raw data file /home/is153802/data/LPP_MEG_visual/sub-10/ses-01/meg/sub-10_ses-01_task-read_run-08_meg.fif...
    Read a total of 13 projection items:
        grad_ssp_upright.fif : PCA-v1 (1 x 306)  idle
        grad_ssp_upright.fif : PCA-v2 (1 x 306)  idle
        grad_ssp_upright.fif : PCA-v3 (1 x 306)  idle
        grad_ssp_upright.fif : PCA-v4 (1 x 306)  idle
        grad_ssp_upright.fif : PCA-v5 (1 x 306)  idle
        mag_ssp_upright.fif : PCA-v1 (1 x 306)  idle
        mag_ssp_upright.fif : PCA-v2 (1 x 306)  idle
        mag_ssp_upright.fif : PCA-v3 (1 x 306)  idle
        mag_ssp_upright.fif : PCA-v4 (1 x 306)  idle
        mag_ssp_upright.fif : PCA-v5 (1 x 306)  idle
        mag_ssp_upright.fif : PCA-v6 (1 x 306)  idle
        mag_ssp_upright.fif : PCA-v7 (1 x 306)  idle
        mag_ssp_upright.fif : PCA-v8 (1 x 306)  idle
    Range : 9000 ... 461999 =      9.000 ...   461.999 secs
Ready.
Reading events from /home/is153802/data/LPP_MEG_visual/sub-10/ses-01/meg/sub-10_ses-01_task-read_run-08_events.tsv.
Reading channel info from /home/is153802/data/LPP_MEG_visual/sub-10/ses-01/meg/sub-10_ses-01_task-read_run-08_channels.tsv.
Using 4 HPI coils: 293 307 314 321 Hz
Not fully anonymizing info - keeping his_id, sex, and hand info
1390 events found
Event IDs: [ 1  2  3  4  5  6  7  8  9 10 11 12 13 14 15 16 19 21]
Reading 0 ... 452999  =      0.000 ...   452.999 secs...
Filtering raw data in 1 contiguous segment
Setting up band-pass filter from 0.5 - 20 Hz

FIR filter parameters
---------------------
Designing a one-pass, zero-phase, non-causal bandpass filter:
- Windowed time-domain design (firwin) method
- Hamming window with 0.0194 passband ripple and 53 dB stopband attenuation
- Lower passband edge: 0.50
- Lower transition bandwidth: 0.50 Hz (-6 dB cutoff frequency: 0.25 Hz)
- Upper passband edge: 20.00 Hz
- Upper transition bandwidth: 5.00 Hz (-6 dB cutoff frequency: 22.50 Hz)
- Filter length: 6601 samples (6.601 sec)

Multiple event values for single event times found. Keeping the first occurrence and dropping all others.
Adding metadata with 21 columns
44 matching events found
Setting baseline interval to [-1.0, 0.0] sec
Applying baseline correction (mode: mean)
0 projection items activated
Using data from preloaded Raw for 44 events and 5001 original time points (prior to decimation) ...
1 bad epochs dropped
Multiple event values for single event times found. Keeping the first occurrence and dropping all others.
Adding metadata with 21 columns
373 matching events found
Setting baseline interval to [-0.5, 0.0] sec
Applying baseline correction (mode: mean)
0 projection items activated
Using data from preloaded Raw for 373 events and 2501 original time points (prior to decimation) ...
1 bad epochs dropped
Multiple event values for single event times found. Keeping the first occurrence and dropping all others.
Adding metadata with 21 columns
1315 matching events found
Setting baseline interval to [-0.3, 0.0] sec
Applying baseline correction (mode: mean)
0 projection items activated
Using data from preloaded Raw for 1315 events and 1301 original time points (prior to decimation) ...
1 bad epochs dropped
Multiple event values for single event times found. Keeping the first occurrence and dropping all others.
Adding metadata with 21 columns
37 matching events found
Setting baseline interval to [-4.0, 0.0] sec
Applying baseline correction (mode: mean)
0 projection items activated
Using data from preloaded Raw for 37 events and 5001 original time points (prior to decimation) ...
1 bad epochs dropped
Multiple event values for single event times found. Keeping the first occurrence and dropping all others.
Adding metadata with 21 columns
392 matching events found
Setting baseline interval to [-2.0, 0.0] sec
Applying baseline correction (mode: mean)
0 projection items activated
Using data from preloaded Raw for 392 events and 2501 original time points (prior to decimation) ...
1 bad epochs dropped
Multiple event values for single event times found. Keeping the first occurrence and dropping all others.
Adding metadata with 21 columns
1315 matching events found
Setting baseline interval to [-1.0, 0.0] sec
Applying baseline correction (mode: mean)
0 projection items activated
Using data from preloaded Raw for 1315 events and 1301 original time points (prior to decimation) ...
1 bad epochs dropped

 Epoching for run 9, subject: 10

Opening raw data file /home/is153802/data/LPP_MEG_visual/sub-10/ses-01/meg/sub-10_ses-01_task-read_run-09_meg.fif...
    Read a total of 13 projection items:
        grad_ssp_upright.fif : PCA-v1 (1 x 306)  idle
        grad_ssp_upright.fif : PCA-v2 (1 x 306)  idle
        grad_ssp_upright.fif : PCA-v3 (1 x 306)  idle
        grad_ssp_upright.fif : PCA-v4 (1 x 306)  idle
        grad_ssp_upright.fif : PCA-v5 (1 x 306)  idle
        mag_ssp_upright.fif : PCA-v1 (1 x 306)  idle
        mag_ssp_upright.fif : PCA-v2 (1 x 306)  idle
        mag_ssp_upright.fif : PCA-v3 (1 x 306)  idle
        mag_ssp_upright.fif : PCA-v4 (1 x 306)  idle
        mag_ssp_upright.fif : PCA-v5 (1 x 306)  idle
        mag_ssp_upright.fif : PCA-v6 (1 x 306)  idle
        mag_ssp_upright.fif : PCA-v7 (1 x 306)  idle
        mag_ssp_upright.fif : PCA-v8 (1 x 306)  idle
    Range : 7000 ... 555999 =      7.000 ...   555.999 secs
Ready.
Reading events from /home/is153802/data/LPP_MEG_visual/sub-10/ses-01/meg/sub-10_ses-01_task-read_run-09_events.tsv.
Reading channel info from /home/is153802/data/LPP_MEG_visual/sub-10/ses-01/meg/sub-10_ses-01_task-read_run-09_channels.tsv.
Using 4 HPI coils: 293 307 314 321 Hz
Not fully anonymizing info - keeping his_id, sex, and hand info
1652 events found
Event IDs: [ 1  2  3  4  5  6  7  8  9 10 11 12 13 14 15 16 17]
Reading 0 ... 548999  =      0.000 ...   548.999 secs...
Filtering raw data in 1 contiguous segment
Setting up band-pass filter from 0.5 - 20 Hz

FIR filter parameters
---------------------
Designing a one-pass, zero-phase, non-causal bandpass filter:
- Windowed time-domain design (firwin) method
- Hamming window with 0.0194 passband ripple and 53 dB stopband attenuation
- Lower passband edge: 0.50
- Lower transition bandwidth: 0.50 Hz (-6 dB cutoff frequency: 0.25 Hz)
- Upper passband edge: 20.00 Hz
- Upper transition bandwidth: 5.00 Hz (-6 dB cutoff frequency: 22.50 Hz)
- Filter length: 6601 samples (6.601 sec)

Multiple event values for single event times found. Keeping the first occurrence and dropping all others.
Adding metadata with 21 columns
60 matching events found
Setting baseline interval to [-1.0, 0.0] sec
Applying baseline correction (mode: mean)
0 projection items activated
Using data from preloaded Raw for 60 events and 5001 original time points (prior to decimation) ...
1 bad epochs dropped
Multiple event values for single event times found. Keeping the first occurrence and dropping all others.
Adding metadata with 21 columns
467 matching events found
Setting baseline interval to [-0.5, 0.0] sec
Applying baseline correction (mode: mean)
0 projection items activated
Using data from preloaded Raw for 467 events and 2501 original time points (prior to decimation) ...
1 bad epochs dropped
Multiple event values for single event times found. Keeping the first occurrence and dropping all others.
Adding metadata with 21 columns
1577 matching events found
Setting baseline interval to [-0.3, 0.0] sec
Applying baseline correction (mode: mean)
0 projection items activated
Using data from preloaded Raw for 1577 events and 1301 original time points (prior to decimation) ...
1 bad epochs dropped
Multiple event values for single event times found. Keeping the first occurrence and dropping all others.
Adding metadata with 21 columns
41 matching events found
Setting baseline interval to [-4.0, 0.0] sec
Applying baseline correction (mode: mean)
0 projection items activated
Using data from preloaded Raw for 41 events and 5001 original time points (prior to decimation) ...
1 bad epochs dropped
Multiple event values for single event times found. Keeping the first occurrence and dropping all others.
Adding metadata with 21 columns
455 matching events found
Setting baseline interval to [-2.0, 0.0] sec
Applying baseline correction (mode: mean)
0 projection items activated
Using data from preloaded Raw for 455 events and 2501 original time points (prior to decimation) ...
1 bad epochs dropped
Multiple event values for single event times found. Keeping the first occurrence and dropping all others.
Adding metadata with 21 columns
1577 matching events found
Setting baseline interval to [-1.0, 0.0] sec
Applying baseline correction (mode: mean)
0 projection items activated
Using data from preloaded Raw for 1577 events and 1301 original time points (prior to decimation) ...
1 bad epochs dropped
Adding metadata with 21 columns
13527 matching events found
Applying baseline correction (mode: mean)
Adding metadata with 21 columns
3882 matching events found
Applying baseline correction (mode: mean)
Adding metadata with 21 columns
497 matching events found
Applying baseline correction (mode: mean)
Adding metadata with 21 columns
13527 matching events found
Applying baseline correction (mode: mean)
Adding metadata with 21 columns
3967 matching events found
Applying baseline correction (mode: mean)
Adding metadata with 21 columns
436 matching events found
Applying baseline correction (mode: mean)
..................