/mnt/localdrive/workspace-LPP/code/neurospin-petit-prince/decoding/cluster/dataset.py:51: RuntimeWarning: This file contains raw Internal Active Shielding data. It may be distorted. Elekta recommends it be run through MaxFilter to produce reliable results. Consider closing the file and running MaxFilter on the data.
  raw = mne_bids.read_raw_bids(bids_path)
/mnt/localdrive/workspace-LPP/code/neurospin-petit-prince/decoding/cluster/dataset.py:51: RuntimeWarning: Omitted 117 annotation(s) that were outside data range.
  raw = mne_bids.read_raw_bids(bids_path)
/mnt/localdrive/workspace-LPP/code/neurospin-petit-prince/decoding/cluster/dataset.py:51: RuntimeWarning: Limited 1 annotation(s) that were expanding outside the data range.
  raw = mne_bids.read_raw_bids(bids_path)
/mnt/localdrive/workspace-LPP/code/neurospin-petit-prince/decoding/cluster/dataset.py:51: RuntimeWarning: The unit for channel(s) STI001, STI002, STI003, STI004, STI005, STI006, STI007, STI008, STI009, STI010, STI011, STI012, STI013, STI014, STI015, STI016, STI101, STI201, STI301 has changed from V to NA.
  raw = mne_bids.read_raw_bids(bids_path)
[Parallel(n_jobs=1)]: Using backend SequentialBackend with 1 concurrent workers.
[Parallel(n_jobs=1)]: Done   1 out of   1 | elapsed:    0.0s remaining:    0.0s
[Parallel(n_jobs=1)]: Done   2 out of   2 | elapsed:    0.0s remaining:    0.0s
[Parallel(n_jobs=1)]: Done   3 out of   3 | elapsed:    0.1s remaining:    0.0s
[Parallel(n_jobs=1)]: Done   4 out of   4 | elapsed:    0.1s remaining:    0.0s
[Parallel(n_jobs=1)]: Done 306 out of 306 | elapsed:    6.8s finished
/tmp/ipykernel_200815/751625764.py:72: RuntimeWarning: The events passed to the Epochs constructor are not chronologically ordered.
/tmp/ipykernel_200815/751625764.py:72: RuntimeWarning: The events passed to the Epochs constructor are not chronologically ordered.
/tmp/ipykernel_200815/751625764.py:72: RuntimeWarning: The events passed to the Epochs constructor are not chronologically ordered.
/tmp/ipykernel_200815/751625764.py:72: RuntimeWarning: The events passed to the Epochs constructor are not chronologically ordered.
/tmp/ipykernel_200815/751625764.py:72: RuntimeWarning: The events passed to the Epochs constructor are not chronologically ordered.
/tmp/ipykernel_200815/751625764.py:72: RuntimeWarning: The events passed to the Epochs constructor are not chronologically ordered.
/mnt/localdrive/workspace-LPP/code/neurospin-petit-prince/decoding/cluster/dataset.py:51: RuntimeWarning: This file contains raw Internal Active Shielding data. It may be distorted. Elekta recommends it be run through MaxFilter to produce reliable results. Consider closing the file and running MaxFilter on the data.
  raw = mne_bids.read_raw_bids(bids_path)
/mnt/localdrive/workspace-LPP/code/neurospin-petit-prince/decoding/cluster/dataset.py:51: RuntimeWarning: Omitted 137 annotation(s) that were outside data range.
  raw = mne_bids.read_raw_bids(bids_path)
/mnt/localdrive/workspace-LPP/code/neurospin-petit-prince/decoding/cluster/dataset.py:51: RuntimeWarning: Limited 1 annotation(s) that were expanding outside the data range.
  raw = mne_bids.read_raw_bids(bids_path)
/mnt/localdrive/workspace-LPP/code/neurospin-petit-prince/decoding/cluster/dataset.py:51: RuntimeWarning: The unit for channel(s) STI001, STI002, STI003, STI004, STI005, STI006, STI007, STI008, STI009, STI010, STI011, STI012, STI013, STI014, STI015, STI016, STI101, STI201, STI301 has changed from V to NA.
  raw = mne_bids.read_raw_bids(bids_path)
[Parallel(n_jobs=1)]: Using backend SequentialBackend with 1 concurrent workers.
[Parallel(n_jobs=1)]: Done   1 out of   1 | elapsed:    0.0s remaining:    0.0s
[Parallel(n_jobs=1)]: Done   2 out of   2 | elapsed:    0.0s remaining:    0.0s
[Parallel(n_jobs=1)]: Done   3 out of   3 | elapsed:    0.1s remaining:    0.0s
[Parallel(n_jobs=1)]: Done   4 out of   4 | elapsed:    0.1s remaining:    0.0s
[Parallel(n_jobs=1)]: Done 306 out of 306 | elapsed:    7.1s finished
/tmp/ipykernel_200815/751625764.py:72: RuntimeWarning: The events passed to the Epochs constructor are not chronologically ordered.
/tmp/ipykernel_200815/751625764.py:72: RuntimeWarning: The events passed to the Epochs constructor are not chronologically ordered.
/tmp/ipykernel_200815/751625764.py:72: RuntimeWarning: The events passed to the Epochs constructor are not chronologically ordered.
/tmp/ipykernel_200815/751625764.py:72: RuntimeWarning: The events passed to the Epochs constructor are not chronologically ordered.
/tmp/ipykernel_200815/751625764.py:72: RuntimeWarning: The events passed to the Epochs constructor are not chronologically ordered.
/tmp/ipykernel_200815/751625764.py:72: RuntimeWarning: The events passed to the Epochs constructor are not chronologically ordered.
/mnt/localdrive/workspace-LPP/code/neurospin-petit-prince/decoding/cluster/dataset.py:51: RuntimeWarning: This file contains raw Internal Active Shielding data. It may be distorted. Elekta recommends it be run through MaxFilter to produce reliable results. Consider closing the file and running MaxFilter on the data.
  raw = mne_bids.read_raw_bids(bids_path)
/mnt/localdrive/workspace-LPP/code/neurospin-petit-prince/decoding/cluster/dataset.py:51: RuntimeWarning: Omitted 133 annotation(s) that were outside data range.
  raw = mne_bids.read_raw_bids(bids_path)
/mnt/localdrive/workspace-LPP/code/neurospin-petit-prince/decoding/cluster/dataset.py:51: RuntimeWarning: Limited 1 annotation(s) that were expanding outside the data range.
  raw = mne_bids.read_raw_bids(bids_path)
/mnt/localdrive/workspace-LPP/code/neurospin-petit-prince/decoding/cluster/dataset.py:51: RuntimeWarning: The unit for channel(s) STI001, STI002, STI003, STI004, STI005, STI006, STI007, STI008, STI009, STI010, STI011, STI012, STI013, STI014, STI015, STI016, STI101, STI201, STI301 has changed from V to NA.
  raw = mne_bids.read_raw_bids(bids_path)
[Parallel(n_jobs=1)]: Using backend SequentialBackend with 1 concurrent workers.
[Parallel(n_jobs=1)]: Done   1 out of   1 | elapsed:    0.0s remaining:    0.0s
[Parallel(n_jobs=1)]: Done   2 out of   2 | elapsed:    0.0s remaining:    0.0s
[Parallel(n_jobs=1)]: Done   3 out of   3 | elapsed:    0.1s remaining:    0.0s
[Parallel(n_jobs=1)]: Done   4 out of   4 | elapsed:    0.1s remaining:    0.0s
[Parallel(n_jobs=1)]: Done 306 out of 306 | elapsed:    8.8s finished
/tmp/ipykernel_200815/751625764.py:72: RuntimeWarning: The events passed to the Epochs constructor are not chronologically ordered.
/tmp/ipykernel_200815/751625764.py:72: RuntimeWarning: The events passed to the Epochs constructor are not chronologically ordered.
/tmp/ipykernel_200815/751625764.py:72: RuntimeWarning: The events passed to the Epochs constructor are not chronologically ordered.
/tmp/ipykernel_200815/751625764.py:72: RuntimeWarning: The events passed to the Epochs constructor are not chronologically ordered.
/tmp/ipykernel_200815/751625764.py:72: RuntimeWarning: The events passed to the Epochs constructor are not chronologically ordered.
/tmp/ipykernel_200815/751625764.py:72: RuntimeWarning: The events passed to the Epochs constructor are not chronologically ordered.
/mnt/localdrive/workspace-LPP/code/neurospin-petit-prince/decoding/cluster/dataset.py:51: RuntimeWarning: This file contains raw Internal Active Shielding data. It may be distorted. Elekta recommends it be run through MaxFilter to produce reliable results. Consider closing the file and running MaxFilter on the data.
  raw = mne_bids.read_raw_bids(bids_path)
/mnt/localdrive/workspace-LPP/code/neurospin-petit-prince/decoding/cluster/dataset.py:51: RuntimeWarning: Omitted 120 annotation(s) that were outside data range.
  raw = mne_bids.read_raw_bids(bids_path)
/mnt/localdrive/workspace-LPP/code/neurospin-petit-prince/decoding/cluster/dataset.py:51: RuntimeWarning: Limited 1 annotation(s) that were expanding outside the data range.
  raw = mne_bids.read_raw_bids(bids_path)
/mnt/localdrive/workspace-LPP/code/neurospin-petit-prince/decoding/cluster/dataset.py:51: RuntimeWarning: The unit for channel(s) STI001, STI002, STI003, STI004, STI005, STI006, STI007, STI008, STI009, STI010, STI011, STI012, STI013, STI014, STI015, STI016, STI101, STI201, STI301 has changed from V to NA.
  raw = mne_bids.read_raw_bids(bids_path)
[Parallel(n_jobs=1)]: Using backend SequentialBackend with 1 concurrent workers.
[Parallel(n_jobs=1)]: Done   1 out of   1 | elapsed:    0.0s remaining:    0.0s
[Parallel(n_jobs=1)]: Done   2 out of   2 | elapsed:    0.0s remaining:    0.0s
[Parallel(n_jobs=1)]: Done   3 out of   3 | elapsed:    0.1s remaining:    0.0s
[Parallel(n_jobs=1)]: Done   4 out of   4 | elapsed:    0.1s remaining:    0.0s
[Parallel(n_jobs=1)]: Done 306 out of 306 | elapsed:    6.6s finished
/tmp/ipykernel_200815/751625764.py:72: RuntimeWarning: The events passed to the Epochs constructor are not chronologically ordered.
/tmp/ipykernel_200815/751625764.py:72: RuntimeWarning: The events passed to the Epochs constructor are not chronologically ordered.
/tmp/ipykernel_200815/751625764.py:72: RuntimeWarning: The events passed to the Epochs constructor are not chronologically ordered.
/tmp/ipykernel_200815/751625764.py:72: RuntimeWarning: The events passed to the Epochs constructor are not chronologically ordered.
/tmp/ipykernel_200815/751625764.py:72: RuntimeWarning: The events passed to the Epochs constructor are not chronologically ordered.
/tmp/ipykernel_200815/751625764.py:72: RuntimeWarning: The events passed to the Epochs constructor are not chronologically ordered.
/mnt/localdrive/workspace-LPP/code/neurospin-petit-prince/decoding/cluster/dataset.py:51: RuntimeWarning: This file contains raw Internal Active Shielding data. It may be distorted. Elekta recommends it be run through MaxFilter to produce reliable results. Consider closing the file and running MaxFilter on the data.
  raw = mne_bids.read_raw_bids(bids_path)
/mnt/localdrive/workspace-LPP/code/neurospin-petit-prince/decoding/cluster/dataset.py:51: RuntimeWarning: Omitted 121 annotation(s) that were outside data range.
  raw = mne_bids.read_raw_bids(bids_path)
/mnt/localdrive/workspace-LPP/code/neurospin-petit-prince/decoding/cluster/dataset.py:51: RuntimeWarning: Limited 1 annotation(s) that were expanding outside the data range.
  raw = mne_bids.read_raw_bids(bids_path)
/mnt/localdrive/workspace-LPP/code/neurospin-petit-prince/decoding/cluster/dataset.py:51: RuntimeWarning: The unit for channel(s) STI001, STI002, STI003, STI004, STI005, STI006, STI007, STI008, STI009, STI010, STI011, STI012, STI013, STI014, STI015, STI016, STI101, STI201, STI301 has changed from V to NA.
  raw = mne_bids.read_raw_bids(bids_path)
[Parallel(n_jobs=1)]: Using backend SequentialBackend with 1 concurrent workers.
[Parallel(n_jobs=1)]: Done   1 out of   1 | elapsed:    0.0s remaining:    0.0s
[Parallel(n_jobs=1)]: Done   2 out of   2 | elapsed:    0.0s remaining:    0.0s
[Parallel(n_jobs=1)]: Done   3 out of   3 | elapsed:    0.1s remaining:    0.0s
[Parallel(n_jobs=1)]: Done   4 out of   4 | elapsed:    0.1s remaining:    0.0s
[Parallel(n_jobs=1)]: Done 306 out of 306 | elapsed:    6.2s finished
/tmp/ipykernel_200815/751625764.py:72: RuntimeWarning: The events passed to the Epochs constructor are not chronologically ordered.
/tmp/ipykernel_200815/751625764.py:72: RuntimeWarning: The events passed to the Epochs constructor are not chronologically ordered.
/tmp/ipykernel_200815/751625764.py:72: RuntimeWarning: The events passed to the Epochs constructor are not chronologically ordered.
/tmp/ipykernel_200815/751625764.py:72: RuntimeWarning: The events passed to the Epochs constructor are not chronologically ordered.
/tmp/ipykernel_200815/751625764.py:72: RuntimeWarning: The events passed to the Epochs constructor are not chronologically ordered.
/tmp/ipykernel_200815/751625764.py:72: RuntimeWarning: The events passed to the Epochs constructor are not chronologically ordered.
/mnt/localdrive/workspace-LPP/code/neurospin-petit-prince/decoding/cluster/dataset.py:51: RuntimeWarning: This file contains raw Internal Active Shielding data. It may be distorted. Elekta recommends it be run through MaxFilter to produce reliable results. Consider closing the file and running MaxFilter on the data.
  raw = mne_bids.read_raw_bids(bids_path)
/mnt/localdrive/workspace-LPP/code/neurospin-petit-prince/decoding/cluster/dataset.py:51: RuntimeWarning: Omitted 139 annotation(s) that were outside data range.
  raw = mne_bids.read_raw_bids(bids_path)
/mnt/localdrive/workspace-LPP/code/neurospin-petit-prince/decoding/cluster/dataset.py:51: RuntimeWarning: Limited 1 annotation(s) that were expanding outside the data range.
  raw = mne_bids.read_raw_bids(bids_path)
/mnt/localdrive/workspace-LPP/code/neurospin-petit-prince/decoding/cluster/dataset.py:51: RuntimeWarning: The unit for channel(s) STI001, STI002, STI003, STI004, STI005, STI006, STI007, STI008, STI009, STI010, STI011, STI012, STI013, STI014, STI015, STI016, STI101, STI201, STI301 has changed from V to NA.
  raw = mne_bids.read_raw_bids(bids_path)
[Parallel(n_jobs=1)]: Using backend SequentialBackend with 1 concurrent workers.
[Parallel(n_jobs=1)]: Done   1 out of   1 | elapsed:    0.0s remaining:    0.0s
[Parallel(n_jobs=1)]: Done   2 out of   2 | elapsed:    0.0s remaining:    0.0s
[Parallel(n_jobs=1)]: Done   3 out of   3 | elapsed:    0.1s remaining:    0.0s
[Parallel(n_jobs=1)]: Done   4 out of   4 | elapsed:    0.1s remaining:    0.0s
[Parallel(n_jobs=1)]: Done 306 out of 306 | elapsed:    7.8s finished
/tmp/ipykernel_200815/751625764.py:72: RuntimeWarning: The events passed to the Epochs constructor are not chronologically ordered.
/mnt/localdrive/workspace-LPP/code/neurospin-petit-prince/decoding/cluster/dataset.py:51: RuntimeWarning: This file contains raw Internal Active Shielding data. It may be distorted. Elekta recommends it be run through MaxFilter to produce reliable results. Consider closing the file and running MaxFilter on the data.
  raw = mne_bids.read_raw_bids(bids_path)
/mnt/localdrive/workspace-LPP/code/neurospin-petit-prince/decoding/cluster/dataset.py:51: RuntimeWarning: Omitted 126 annotation(s) that were outside data range.
  raw = mne_bids.read_raw_bids(bids_path)
/mnt/localdrive/workspace-LPP/code/neurospin-petit-prince/decoding/cluster/dataset.py:51: RuntimeWarning: Limited 1 annotation(s) that were expanding outside the data range.
  raw = mne_bids.read_raw_bids(bids_path)
/mnt/localdrive/workspace-LPP/code/neurospin-petit-prince/decoding/cluster/dataset.py:51: RuntimeWarning: The unit for channel(s) STI001, STI002, STI003, STI004, STI005, STI006, STI007, STI008, STI009, STI010, STI011, STI012, STI013, STI014, STI015, STI016, STI101, STI201, STI301 has changed from V to NA.
  raw = mne_bids.read_raw_bids(bids_path)
[Parallel(n_jobs=1)]: Using backend SequentialBackend with 1 concurrent workers.
[Parallel(n_jobs=1)]: Done   1 out of   1 | elapsed:    0.0s remaining:    0.0s
[Parallel(n_jobs=1)]: Done   2 out of   2 | elapsed:    0.0s remaining:    0.0s
[Parallel(n_jobs=1)]: Done   3 out of   3 | elapsed:    0.1s remaining:    0.0s
[Parallel(n_jobs=1)]: Done   4 out of   4 | elapsed:    0.1s remaining:    0.0s
[Parallel(n_jobs=1)]: Done 306 out of 306 | elapsed:    7.3s finished
/tmp/ipykernel_200815/751625764.py:72: RuntimeWarning: The events passed to the Epochs constructor are not chronologically ordered.
/mnt/localdrive/workspace-LPP/code/neurospin-petit-prince/decoding/cluster/dataset.py:51: RuntimeWarning: This file contains raw Internal Active Shielding data. It may be distorted. Elekta recommends it be run through MaxFilter to produce reliable results. Consider closing the file and running MaxFilter on the data.
  raw = mne_bids.read_raw_bids(bids_path)
/mnt/localdrive/workspace-LPP/code/neurospin-petit-prince/decoding/cluster/dataset.py:51: RuntimeWarning: Omitted 106 annotation(s) that were outside data range.
  raw = mne_bids.read_raw_bids(bids_path)
/mnt/localdrive/workspace-LPP/code/neurospin-petit-prince/decoding/cluster/dataset.py:51: RuntimeWarning: Limited 1 annotation(s) that were expanding outside the data range.
  raw = mne_bids.read_raw_bids(bids_path)
/mnt/localdrive/workspace-LPP/code/neurospin-petit-prince/decoding/cluster/dataset.py:51: RuntimeWarning: The unit for channel(s) STI001, STI002, STI003, STI004, STI005, STI006, STI007, STI008, STI009, STI010, STI011, STI012, STI013, STI014, STI015, STI016, STI101, STI201, STI301 has changed from V to NA.
  raw = mne_bids.read_raw_bids(bids_path)
[Parallel(n_jobs=1)]: Using backend SequentialBackend with 1 concurrent workers.
[Parallel(n_jobs=1)]: Done   1 out of   1 | elapsed:    0.0s remaining:    0.0s
[Parallel(n_jobs=1)]: Done   2 out of   2 | elapsed:    0.0s remaining:    0.0s
[Parallel(n_jobs=1)]: Done   3 out of   3 | elapsed:    0.1s remaining:    0.0s
[Parallel(n_jobs=1)]: Done   4 out of   4 | elapsed:    0.1s remaining:    0.0s
[Parallel(n_jobs=1)]: Done 306 out of 306 | elapsed:    6.0s finished
/tmp/ipykernel_200815/751625764.py:72: RuntimeWarning: The events passed to the Epochs constructor are not chronologically ordered.
/tmp/ipykernel_200815/751625764.py:72: RuntimeWarning: The events passed to the Epochs constructor are not chronologically ordered.
/tmp/ipykernel_200815/751625764.py:72: RuntimeWarning: The events passed to the Epochs constructor are not chronologically ordered.
/tmp/ipykernel_200815/751625764.py:72: RuntimeWarning: The events passed to the Epochs constructor are not chronologically ordered.
/tmp/ipykernel_200815/751625764.py:72: RuntimeWarning: The events passed to the Epochs constructor are not chronologically ordered.
/tmp/ipykernel_200815/751625764.py:72: RuntimeWarning: The events passed to the Epochs constructor are not chronologically ordered.
/mnt/localdrive/workspace-LPP/code/neurospin-petit-prince/decoding/cluster/dataset.py:51: RuntimeWarning: This file contains raw Internal Active Shielding data. It may be distorted. Elekta recommends it be run through MaxFilter to produce reliable results. Consider closing the file and running MaxFilter on the data.
  raw = mne_bids.read_raw_bids(bids_path)
/mnt/localdrive/workspace-LPP/code/neurospin-petit-prince/decoding/cluster/dataset.py:51: RuntimeWarning: Omitted 136 annotation(s) that were outside data range.
  raw = mne_bids.read_raw_bids(bids_path)
/mnt/localdrive/workspace-LPP/code/neurospin-petit-prince/decoding/cluster/dataset.py:51: RuntimeWarning: Limited 1 annotation(s) that were expanding outside the data range.
  raw = mne_bids.read_raw_bids(bids_path)
/mnt/localdrive/workspace-LPP/code/neurospin-petit-prince/decoding/cluster/dataset.py:51: RuntimeWarning: The unit for channel(s) STI001, STI002, STI003, STI004, STI005, STI006, STI007, STI008, STI009, STI010, STI011, STI012, STI013, STI014, STI015, STI016, STI101, STI201, STI301 has changed from V to NA.
  raw = mne_bids.read_raw_bids(bids_path)
[Parallel(n_jobs=1)]: Using backend SequentialBackend with 1 concurrent workers.
[Parallel(n_jobs=1)]: Done   1 out of   1 | elapsed:    0.0s remaining:    0.0s
[Parallel(n_jobs=1)]: Done   2 out of   2 | elapsed:    0.0s remaining:    0.0s
[Parallel(n_jobs=1)]: Done   3 out of   3 | elapsed:    0.1s remaining:    0.0s
[Parallel(n_jobs=1)]: Done   4 out of   4 | elapsed:    0.1s remaining:    0.0s
[Parallel(n_jobs=1)]: Done 306 out of 306 | elapsed:    8.5s finished
/tmp/ipykernel_200815/751625764.py:72: RuntimeWarning: The events passed to the Epochs constructor are not chronologically ordered.
/tmp/ipykernel_200815/751625764.py:72: RuntimeWarning: The events passed to the Epochs constructor are not chronologically ordered.
/tmp/ipykernel_200815/751625764.py:72: RuntimeWarning: The events passed to the Epochs constructor are not chronologically ordered.
/tmp/ipykernel_200815/751625764.py:72: RuntimeWarning: The events passed to the Epochs constructor are not chronologically ordered.
/tmp/ipykernel_200815/751625764.py:72: RuntimeWarning: The events passed to the Epochs constructor are not chronologically ordered.
/tmp/ipykernel_200815/751625764.py:72: RuntimeWarning: The events passed to the Epochs constructor are not chronologically ordered.
/tmp/ipykernel_200815/751625764.py:92: RuntimeWarning: Concatenation of Annotations within Epochs is not supported yet. All annotations will be dropped.
/tmp/ipykernel_200815/751625764.py:92: RuntimeWarning: Concatenation of Annotations within Epochs is not supported yet. All annotations will be dropped.
/tmp/ipykernel_200815/751625764.py:92: RuntimeWarning: Concatenation of Annotations within Epochs is not supported yet. All annotations will be dropped.
/tmp/ipykernel_200815/751625764.py:92: RuntimeWarning: Concatenation of Annotations within Epochs is not supported yet. All annotations will be dropped.
/tmp/ipykernel_200815/751625764.py:92: RuntimeWarning: Concatenation of Annotations within Epochs is not supported yet. All annotations will be dropped.
/tmp/ipykernel_200815/751625764.py:92: RuntimeWarning: Concatenation of Annotations within Epochs is not supported yet. All annotations will be dropped.
Traceback (most recent call last):
  File "/home/is153802/.pyenv/versions/3.10.6/lib/python3.10/runpy.py", line 196, in _run_module_as_main
    return _run_code(code, main_globals, None,
  File "/home/is153802/.pyenv/versions/3.10.6/lib/python3.10/runpy.py", line 86, in _run_code
    exec(code, run_globals)
  File "/home/is153802/.pyenv/versions/meg-masc/lib/python3.10/site-packages/submitit/core/_submit.py", line 11, in <module>
    submitit_main()
  File "/home/is153802/.pyenv/versions/meg-masc/lib/python3.10/site-packages/submitit/core/submission.py", line 72, in submitit_main
    process_job(args.folder)
  File "/home/is153802/.pyenv/versions/meg-masc/lib/python3.10/site-packages/submitit/core/submission.py", line 54, in process_job
    result = delayed.result()
  File "/home/is153802/.pyenv/versions/meg-masc/lib/python3.10/site-packages/submitit/core/utils.py", line 133, in result
    self._result = self.function(*self.args, **self.kwargs)
  File "/tmp/ipykernel_200815/751625764.py", line 109, in analysis
  File "/mnt/localdrive/workspace-LPP/code/neurospin-petit-prince/decoding/cluster/utils.py", line 464, in decod_xy
    model.fit(X[train, :, t], y[train])
  File "/home/is153802/.pyenv/versions/meg-masc/lib/python3.10/site-packages/sklearn/pipeline.py", line 382, in fit
    self._final_estimator.fit(Xt, y, **fit_params_last_step)
  File "/home/is153802/.pyenv/versions/meg-masc/lib/python3.10/site-packages/sklearn/linear_model/_ridge.py", line 2169, in fit
    estimator.fit(X, y, sample_weight=sample_weight)
  File "/home/is153802/.pyenv/versions/meg-masc/lib/python3.10/site-packages/sklearn/linear_model/_ridge.py", line 2010, in fit
    G_inverse_diag, c = solve(float(alpha), y, sqrt_sw, X_mean, *decomposition)
  File "/home/is153802/.pyenv/versions/meg-masc/lib/python3.10/site-packages/sklearn/linear_model/_ridge.py", line 1918, in _solve_svd_design_matrix
    c = np.dot(U, self._diag_dot(w, UT_y)) + (alpha**-1) * y
  File "<__array_function__ internals>", line 180, in dot
KeyboardInterrupt
