submitit INFO (2023-04-25 13:35:54,848) - Starting with JobEnvironment(job_id=202095, hostname=is153802, local_rank=0(1), node=0(1), global_rank=0(1))
submitit INFO (2023-04-25 13:35:54,848) - Loading pickle: /mnt/localdrive/workspace-LPP/code/neurospin-petit-prince/decoding/cluster/logs/202095_submitted.pkl

 Epoching for run 1, subject: 18

Opening raw data file /home/is153802/data/LPP_MEG_visual/sub-18/ses-01/meg/sub-18_ses-01_task-read_run-01_meg.fif...
    Read a total of 13 projection items:
        grad_ssp_upright.fif : PCA-v1 (1 x 306)  idle
        grad_ssp_upright.fif : PCA-v2 (1 x 306)  idle
        grad_ssp_upright.fif : PCA-v3 (1 x 306)  idle
        grad_ssp_upright.fif : PCA-v4 (1 x 306)  idle
        grad_ssp_upright.fif : PCA-v5 (1 x 306)  idle
        mag_ssp_upright.fif : PCA-v1 (1 x 306)  idle
        mag_ssp_upright.fif : PCA-v2 (1 x 306)  idle
        mag_ssp_upright.fif : PCA-v3 (1 x 306)  idle
        mag_ssp_upright.fif : PCA-v4 (1 x 306)  idle
        mag_ssp_upright.fif : PCA-v5 (1 x 306)  idle
        mag_ssp_upright.fif : PCA-v6 (1 x 306)  idle
        mag_ssp_upright.fif : PCA-v7 (1 x 306)  idle
        mag_ssp_upright.fif : PCA-v8 (1 x 306)  idle
    Range : 45000 ... 515999 =     45.000 ...   515.999 secs
Ready.
Reading events from /home/is153802/data/LPP_MEG_visual/sub-18/ses-01/meg/sub-18_ses-01_task-read_run-01_events.tsv.
Reading channel info from /home/is153802/data/LPP_MEG_visual/sub-18/ses-01/meg/sub-18_ses-01_task-read_run-01_channels.tsv.
Using 4 HPI coils: 293 307 314 321 Hz
Not fully anonymizing info - keeping his_id, sex, and hand info
1466 events found
Event IDs: [ 1  2  3  4  5  6  7  8  9 10 11 12 13 14 15]
Reading 0 ... 470999  =      0.000 ...   470.999 secs...
Filtering raw data in 1 contiguous segment
Setting up band-pass filter from 0.5 - 20 Hz

FIR filter parameters
---------------------
Designing a one-pass, zero-phase, non-causal bandpass filter:
- Windowed time-domain design (firwin) method
- Hamming window with 0.0194 passband ripple and 53 dB stopband attenuation
- Lower passband edge: 0.50
- Lower transition bandwidth: 0.50 Hz (-6 dB cutoff frequency: 0.25 Hz)
- Upper passband edge: 20.00 Hz
- Upper transition bandwidth: 5.00 Hz (-6 dB cutoff frequency: 22.50 Hz)
- Filter length: 6601 samples (6.601 sec)

Adding metadata with 21 columns
38 matching events found
Setting baseline interval to [-1.0, 0.0] sec
Applying baseline correction (mode: mean)
0 projection items activated
Using data from preloaded Raw for 38 events and 5001 original time points (prior to decimation) ...
1 bad epochs dropped
Adding metadata with 21 columns
392 matching events found
Setting baseline interval to [-0.5, 0.0] sec
Applying baseline correction (mode: mean)
0 projection items activated
Using data from preloaded Raw for 392 events and 2501 original time points (prior to decimation) ...
1 bad epochs dropped
Multiple event values for single event times found. Keeping the first occurrence and dropping all others.
Adding metadata with 21 columns
1405 matching events found
Setting baseline interval to [-0.3, 0.0] sec
Applying baseline correction (mode: mean)
0 projection items activated
Using data from preloaded Raw for 1405 events and 1301 original time points (prior to decimation) ...
1 bad epochs dropped
Multiple event values for single event times found. Keeping the first occurrence and dropping all others.
Adding metadata with 21 columns
19 matching events found
Setting baseline interval to [-4.0, 0.0] sec
Applying baseline correction (mode: mean)
0 projection items activated
Using data from preloaded Raw for 19 events and 5001 original time points (prior to decimation) ...
1 bad epochs dropped
Multiple event values for single event times found. Keeping the first occurrence and dropping all others.
Adding metadata with 21 columns
380 matching events found
Setting baseline interval to [-2.0, 0.0] sec
Applying baseline correction (mode: mean)
0 projection items activated
Using data from preloaded Raw for 380 events and 2501 original time points (prior to decimation) ...
1 bad epochs dropped
Multiple event values for single event times found. Keeping the first occurrence and dropping all others.
Adding metadata with 21 columns
1405 matching events found
Setting baseline interval to [-1.0, 0.0] sec
Applying baseline correction (mode: mean)
0 projection items activated
Using data from preloaded Raw for 1405 events and 1301 original time points (prior to decimation) ...
1 bad epochs dropped

 Epoching for run 2, subject: 18

Opening raw data file /home/is153802/data/LPP_MEG_visual/sub-18/ses-01/meg/sub-18_ses-01_task-read_run-02_meg.fif...
    Read a total of 13 projection items:
        grad_ssp_upright.fif : PCA-v1 (1 x 306)  idle
        grad_ssp_upright.fif : PCA-v2 (1 x 306)  idle
        grad_ssp_upright.fif : PCA-v3 (1 x 306)  idle
        grad_ssp_upright.fif : PCA-v4 (1 x 306)  idle
        grad_ssp_upright.fif : PCA-v5 (1 x 306)  idle
        mag_ssp_upright.fif : PCA-v1 (1 x 306)  idle
        mag_ssp_upright.fif : PCA-v2 (1 x 306)  idle
        mag_ssp_upright.fif : PCA-v3 (1 x 306)  idle
        mag_ssp_upright.fif : PCA-v4 (1 x 306)  idle
        mag_ssp_upright.fif : PCA-v5 (1 x 306)  idle
        mag_ssp_upright.fif : PCA-v6 (1 x 306)  idle
        mag_ssp_upright.fif : PCA-v7 (1 x 306)  idle
        mag_ssp_upright.fif : PCA-v8 (1 x 306)  idle
    Range : 9000 ... 514999 =      9.000 ...   514.999 secs
Ready.
Reading events from /home/is153802/data/LPP_MEG_visual/sub-18/ses-01/meg/sub-18_ses-01_task-read_run-02_events.tsv.
Reading channel info from /home/is153802/data/LPP_MEG_visual/sub-18/ses-01/meg/sub-18_ses-01_task-read_run-02_channels.tsv.
Using 4 HPI coils: 293 307 314 321 Hz
Not fully anonymizing info - keeping his_id, sex, and hand info
1605 events found
Event IDs: [ 1  2  3  4  5  6  7  8  9 10 11 12 13 14 15 16]
Reading 0 ... 505999  =      0.000 ...   505.999 secs...
