INFO:neurospin_to_bids.__main__:Started /home/is153802/.pyenv/versions/freesurfer/bin/neurospin_to_bids
CRITICAL:neurospin_to_bids.__main__:aborting due to user error: exp_info directory not found
INFO:neurospin_to_bids.__main__:Started /home/is153802/.pyenv/versions/freesurfer/bin/neurospin_to_bids
INFO:neurospin_to_bids.__main__:Summary of importation:
--------------------------------------------------------------------------------
--------------------------------------------------------------------------------
WARNING:neurospin_to_bids.__main__:Warnings:
--------------------------------------------------------------------------------
- no directory found for given NIP vc200442 in prisma on 20210610
- no directory found for given NIP js180232 in prisma on 20191217
- no directory found for given NIP ae140329 in prisma on 20200918
- no directory found for given NIP cc150418 in prisma on 20151207
- no directory found for given NIP kp210315 in prisma on 20220801
- no directory found for given NIP ml220421 in prisma on 20220719
- no directory found for given NIP ml180010 in prisma on 20180116
- no directory found for given NIP pl170230 in prisma on 20220927
- no directory found for given NIP ml100438 in prisma on 20220621
- no directory found for given NIP lp090137 in prisma on 20210609
- no directory found for given NIP kc160388 in prisma on 20181009
- no directory found for given NIP rt220104 in prisma on 20220518
- no directory found for given NIP ap220150 in prisma on 20220328
- no directory found for given NIP mf180020 in prisma on 20180130
- no directory found for given NIP cl190429 in prisma on 20190722
- no directory found for given NIP lg170436 in prisma on 20200915
- no directory found for given NIP fr190151 in prisma on 20200130
- no directory found for given NIP cl220500 in prisma on 20220913
- no directory found for given NIP mb180076 in prisma on 20200904
- no directory found for given NIP ya170284 in prisma on 20170725
- no directory found for given NIP eg220435 in prisma on 20221004
- no directory found for given NIP hg220389 in prisma on 20220614
- no directory found for given NIP lq180242 in prisma on 20210429
--------------------------------------------------------------------------------
